<html>
<head>
<title>TestNG:  abstract-service-test</title>
<link href="../testng.css" rel="stylesheet" type="text/css" />
<link href="../my-testng.css" rel="stylesheet" type="text/css" />

<style type="text/css">
.log { display: none;} 
.stack-trace { display: none;} 
</style>
<script type="text/javascript">
<!--
function flip(e) {
  current = e.style.display;
  if (current == 'block') {
    e.style.display = 'none';
    return 0;
  }
  else {
    e.style.display = 'block';
    return 1;
  }
}

function toggleBox(szDivId, elem, msg1, msg2)
{
  var res = -1;  if (document.getElementById) {
    res = flip(document.getElementById(szDivId));
  }
  else if (document.all) {
    // this is the way old msie versions work
    res = flip(document.all[szDivId]);
  }
  if(elem) {
    if(res == 0) elem.innerHTML = msg1; else elem.innerHTML = msg2;
  }

}

function toggleAllBoxes() {
  if (document.getElementsByTagName) {
    d = document.getElementsByTagName('div');
    for (i = 0; i < d.length; i++) {
      if (d[i].className == 'log') {
        flip(d[i]);
      }
    }
  }
}

// -->
</script>

</head>
<body>
<h2 align='center'>abstract-service-test</h2><table border='1' align="center">
<tr>
<td>Tests passed/Failed/Skipped:</td><td>12/0/0</td>
</tr><tr>
<td>Started on:</td><td>Wed Jun 26 21:07:11 ICT 2019</td>
</tr>
<tr><td>Total time:</td><td>7 seconds (7151 ms)</td>
</tr><tr>
<td>Included groups:</td><td></td>
</tr><tr>
<td>Excluded groups:</td><td></td>
</tr>
</table><p/>
<small><i>(Hover the method name to see the test class name)</i></small><p/>
<table width='100%' border='1' class='invocation-passed'>
<tr><td colspan='4' align='center'><b>PASSED TESTS</b></td></tr>
<tr><td><b>Test method</b></td>
<td width="30%"><b>Exception</b></td>
<td width="10%"><b>Time (seconds)</b></td>
<td><b>Instance</b></td>
</tr>
<tr>
<td title='thanh_tai.AbstractServiceImplTest.deleteTest()'><b>deleteTest</b><br>Test class: thanh_tai.AbstractServiceImplTest</td>
<td></td>
<td>0</td>
<td>thanh_tai.AbstractServiceImplTest@6f7a2a5</td></tr>
<tr>
<td title='thanh_tai.AbstractServiceImplTest.delete_exception1Test()'><b>delete_exception1Test</b><br>Test class: thanh_tai.AbstractServiceImplTest</td>
<td><div><pre>org.hibernate.StaleStateException: Batch update returned unexpected row count from update [0]; actual row count: 0; expected: 1
	at org.hibernate.jdbc.Expectations$BasicExpectation.checkBatched(Expectations.java:81)
	at org.hibernate.jdbc.Expectations$BasicExpectation.verifyOutcome(Expectations.java:73)
	at org.hibernate.engine.jdbc.batch.internal.NonBatchingBatch.addToBatch(NonBatchingBatch.java:63)
	at org.hibernate.persister.entity.AbstractEntityPersister.delete(AbstractEntityPersister.java:3400)
	at org.hibernate.persister.entity.AbstractEntityPersister.delete(AbstractEntityPersister.java:3630)
	at org.hibernate.action.internal.EntityDeleteAction.execute(EntityDeleteAction.java:114)
	at org.hibernate.engine.spi.ActionQueue.executeActions(ActionQueue.java:465)
	at org.hibernate.engine.spi.ActionQueue.executeActions(ActionQueue.java:351)
	at org.hibernate.event.internal.AbstractFlushingEventListener.performExecutions(AbstractFlushingEventListener.java:350)
	at org.hibernate.event.internal.DefaultFlushEventListener.onFlush(DefaultFlushEventListener.java:56)
	at org.hibernate.internal.SessionImpl.flush(SessionImpl.java:1258)
	at com.connectnow.dao.impl.AbstractDaoImpl.delete(AbstractDaoImpl.java:160)
	at com.connectnow.service.impl.AbstractServiceImpl.delete(AbstractServiceImpl.java:77)
	at thanh_tai.AbstractServiceImplTest.delete_exception1Test(AbstractServiceImplTest.java:134)
	at org.springframework.test.context.testng.AbstractTestNGSpringContextTests.run(AbstractTestNGSpringContextTests.java:175)
... Removed 27 stack frames</pre></div><a href='#' onClick='toggleBox("stack-trace298556542", this, "Click to show all stack frames", "Click to hide stack frames")'>Click to show all stack frames</a>
<div class='stack-trace' id='stack-trace298556542'><pre>org.hibernate.StaleStateException: Batch update returned unexpected row count from update [0]; actual row count: 0; expected: 1
	at org.hibernate.jdbc.Expectations$BasicExpectation.checkBatched(Expectations.java:81)
	at org.hibernate.jdbc.Expectations$BasicExpectation.verifyOutcome(Expectations.java:73)
	at org.hibernate.engine.jdbc.batch.internal.NonBatchingBatch.addToBatch(NonBatchingBatch.java:63)
	at org.hibernate.persister.entity.AbstractEntityPersister.delete(AbstractEntityPersister.java:3400)
	at org.hibernate.persister.entity.AbstractEntityPersister.delete(AbstractEntityPersister.java:3630)
	at org.hibernate.action.internal.EntityDeleteAction.execute(EntityDeleteAction.java:114)
	at org.hibernate.engine.spi.ActionQueue.executeActions(ActionQueue.java:465)
	at org.hibernate.engine.spi.ActionQueue.executeActions(ActionQueue.java:351)
	at org.hibernate.event.internal.AbstractFlushingEventListener.performExecutions(AbstractFlushingEventListener.java:350)
	at org.hibernate.event.internal.DefaultFlushEventListener.onFlush(DefaultFlushEventListener.java:56)
	at org.hibernate.internal.SessionImpl.flush(SessionImpl.java:1258)
	at com.connectnow.dao.impl.AbstractDaoImpl.delete(AbstractDaoImpl.java:160)
	at com.connectnow.service.impl.AbstractServiceImpl.delete(AbstractServiceImpl.java:77)
	at thanh_tai.AbstractServiceImplTest.delete_exception1Test(AbstractServiceImplTest.java:134)
	at sun.reflect.NativeMethodAccessorImpl.invoke0(Native Method)
	at sun.reflect.NativeMethodAccessorImpl.invoke(NativeMethodAccessorImpl.java:62)
	at sun.reflect.DelegatingMethodAccessorImpl.invoke(DelegatingMethodAccessorImpl.java:43)
	at java.lang.reflect.Method.invoke(Method.java:498)
	at org.testng.internal.MethodInvocationHelper.invokeMethod(MethodInvocationHelper.java:124)
	at org.testng.internal.MethodInvocationHelper$1.runTestMethod(MethodInvocationHelper.java:230)
	at org.springframework.test.context.testng.AbstractTestNGSpringContextTests.run(AbstractTestNGSpringContextTests.java:175)
	at org.testng.internal.MethodInvocationHelper.invokeHookable(MethodInvocationHelper.java:242)
	at org.testng.internal.Invoker.invokeMethod(Invoker.java:579)
	at org.testng.internal.Invoker.invokeTestMethod(Invoker.java:719)
	at org.testng.internal.Invoker.invokeTestMethods(Invoker.java:989)
	at org.testng.internal.TestMethodWorker.invokeTestMethods(TestMethodWorker.java:125)
	at org.testng.internal.TestMethodWorker.run(TestMethodWorker.java:109)
	at org.testng.TestRunner.privateRun(TestRunner.java:648)
	at org.testng.TestRunner.run(TestRunner.java:505)
	at org.testng.SuiteRunner.runTest(SuiteRunner.java:455)
	at org.testng.SuiteRunner.runSequentially(SuiteRunner.java:450)
	at org.testng.SuiteRunner.privateRun(SuiteRunner.java:415)
	at org.testng.SuiteRunner.run(SuiteRunner.java:364)
	at org.testng.SuiteRunnerWorker.runSuite(SuiteRunnerWorker.java:52)
	at org.testng.SuiteRunnerWorker.run(SuiteRunnerWorker.java:84)
	at org.testng.TestNG.runSuitesSequentially(TestNG.java:1208)
	at org.testng.TestNG.runSuitesLocally(TestNG.java:1137)
	at org.testng.TestNG.runSuites(TestNG.java:1049)
	at org.testng.TestNG.run(TestNG.java:1017)
	at org.testng.remote.AbstractRemoteTestNG.run(AbstractRemoteTestNG.java:115)
	at org.testng.remote.RemoteTestNG.initAndRun(RemoteTestNG.java:251)
	at org.testng.remote.RemoteTestNG.main(RemoteTestNG.java:77)
</pre></div></td>
<td>0</td>
<td>thanh_tai.AbstractServiceImplTest@6f7a2a5</td></tr>
<tr>
<td title='thanh_tai.AbstractServiceImplTest.delete_exceptionTest()'><b>delete_exceptionTest</b><br>Test class: thanh_tai.AbstractServiceImplTest</td>
<td><div><pre>java.lang.IllegalArgumentException: attempt to create delete event with null entity
	at org.hibernate.event.spi.DeleteEvent.&lt;init&gt;(DeleteEvent.java:48)
	at org.hibernate.internal.SessionImpl.delete(SessionImpl.java:896)
	at com.connectnow.dao.impl.AbstractDaoImpl.delete(AbstractDaoImpl.java:159)
	at com.connectnow.service.impl.AbstractServiceImpl.delete(AbstractServiceImpl.java:77)
	at thanh_tai.AbstractServiceImplTest.delete_exceptionTest(AbstractServiceImplTest.java:127)
	at org.springframework.test.context.testng.AbstractTestNGSpringContextTests.run(AbstractTestNGSpringContextTests.java:175)
... Removed 27 stack frames</pre></div><a href='#' onClick='toggleBox("stack-trace325926682", this, "Click to show all stack frames", "Click to hide stack frames")'>Click to show all stack frames</a>
<div class='stack-trace' id='stack-trace325926682'><pre>java.lang.IllegalArgumentException: attempt to create delete event with null entity
	at org.hibernate.event.spi.DeleteEvent.&lt;init&gt;(DeleteEvent.java:48)
	at org.hibernate.internal.SessionImpl.delete(SessionImpl.java:896)
	at com.connectnow.dao.impl.AbstractDaoImpl.delete(AbstractDaoImpl.java:159)
	at com.connectnow.service.impl.AbstractServiceImpl.delete(AbstractServiceImpl.java:77)
	at thanh_tai.AbstractServiceImplTest.delete_exceptionTest(AbstractServiceImplTest.java:127)
	at sun.reflect.NativeMethodAccessorImpl.invoke0(Native Method)
	at sun.reflect.NativeMethodAccessorImpl.invoke(NativeMethodAccessorImpl.java:62)
	at sun.reflect.DelegatingMethodAccessorImpl.invoke(DelegatingMethodAccessorImpl.java:43)
	at java.lang.reflect.Method.invoke(Method.java:498)
	at org.testng.internal.MethodInvocationHelper.invokeMethod(MethodInvocationHelper.java:124)
	at org.testng.internal.MethodInvocationHelper$1.runTestMethod(MethodInvocationHelper.java:230)
	at org.springframework.test.context.testng.AbstractTestNGSpringContextTests.run(AbstractTestNGSpringContextTests.java:175)
	at org.testng.internal.MethodInvocationHelper.invokeHookable(MethodInvocationHelper.java:242)
	at org.testng.internal.Invoker.invokeMethod(Invoker.java:579)
	at org.testng.internal.Invoker.invokeTestMethod(Invoker.java:719)
	at org.testng.internal.Invoker.invokeTestMethods(Invoker.java:989)
	at org.testng.internal.TestMethodWorker.invokeTestMethods(TestMethodWorker.java:125)
	at org.testng.internal.TestMethodWorker.run(TestMethodWorker.java:109)
	at org.testng.TestRunner.privateRun(TestRunner.java:648)
	at org.testng.TestRunner.run(TestRunner.java:505)
	at org.testng.SuiteRunner.runTest(SuiteRunner.java:455)
	at org.testng.SuiteRunner.runSequentially(SuiteRunner.java:450)
	at org.testng.SuiteRunner.privateRun(SuiteRunner.java:415)
	at org.testng.SuiteRunner.run(SuiteRunner.java:364)
	at org.testng.SuiteRunnerWorker.runSuite(SuiteRunnerWorker.java:52)
	at org.testng.SuiteRunnerWorker.run(SuiteRunnerWorker.java:84)
	at org.testng.TestNG.runSuitesSequentially(TestNG.java:1208)
	at org.testng.TestNG.runSuitesLocally(TestNG.java:1137)
	at org.testng.TestNG.runSuites(TestNG.java:1049)
	at org.testng.TestNG.run(TestNG.java:1017)
	at org.testng.remote.AbstractRemoteTestNG.run(AbstractRemoteTestNG.java:115)
	at org.testng.remote.RemoteTestNG.initAndRun(RemoteTestNG.java:251)
	at org.testng.remote.RemoteTestNG.main(RemoteTestNG.java:77)
</pre></div></td>
<td>0</td>
<td>thanh_tai.AbstractServiceImplTest@6f7a2a5</td></tr>
<tr>
<td title='thanh_tai.AbstractServiceImplTest.findAllByPropertiesTest()'><b>findAllByPropertiesTest</b><br>Test class: thanh_tai.AbstractServiceImplTest</td>
<td></td>
<td>0</td>
<td>thanh_tai.AbstractServiceImplTest@6f7a2a5</td></tr>
<tr>
<td title='thanh_tai.AbstractServiceImplTest.findAllTest()'><b>findAllTest</b><br>Test class: thanh_tai.AbstractServiceImplTest</td>
<td></td>
<td>0</td>
<td>thanh_tai.AbstractServiceImplTest@6f7a2a5</td></tr>
<tr>
<td title='thanh_tai.AbstractServiceImplTest.findAll_pageableTest()'><b>findAll_pageableTest</b><br>Test class: thanh_tai.AbstractServiceImplTest</td>
<td></td>
<td>0</td>
<td>thanh_tai.AbstractServiceImplTest@6f7a2a5</td></tr>
<tr>
<td title='thanh_tai.AbstractServiceImplTest.findOneByIdTest()'><b>findOneByIdTest</b><br>Test class: thanh_tai.AbstractServiceImplTest</td>
<td></td>
<td>0</td>
<td>thanh_tai.AbstractServiceImplTest@6f7a2a5</td></tr>
<tr>
<td title='thanh_tai.AbstractServiceImplTest.findOneByPropertiesTest()'><b>findOneByPropertiesTest</b><br>Test class: thanh_tai.AbstractServiceImplTest</td>
<td></td>
<td>0</td>
<td>thanh_tai.AbstractServiceImplTest@6f7a2a5</td></tr>
<tr>
<td title='thanh_tai.AbstractServiceImplTest.saveTest()'><b>saveTest</b><br>Test class: thanh_tai.AbstractServiceImplTest</td>
<td></td>
<td>0</td>
<td>thanh_tai.AbstractServiceImplTest@6f7a2a5</td></tr>
<tr>
<td title='thanh_tai.AbstractServiceImplTest.updateTest()'><b>updateTest</b><br>Test class: thanh_tai.AbstractServiceImplTest</td>
<td></td>
<td>0</td>
<td>thanh_tai.AbstractServiceImplTest@6f7a2a5</td></tr>
<tr>
<td title='thanh_tai.AbstractServiceImplTest.update_exception1Test()'><b>update_exception1Test</b><br>Test class: thanh_tai.AbstractServiceImplTest</td>
<td><div><pre>org.hibernate.TransientObjectException: The given object has a null identifier: com.connectnow.entity.ChatBoxEntity
	at org.hibernate.event.internal.DefaultSaveOrUpdateEventListener.getUpdateId(DefaultSaveOrUpdateEventListener.java:270)
	at org.hibernate.event.internal.DefaultUpdateEventListener.getUpdateId(DefaultUpdateEventListener.java:70)
	at org.hibernate.event.internal.DefaultSaveOrUpdateEventListener.entityIsDetached(DefaultSaveOrUpdateEventListener.java:238)
	at org.hibernate.event.internal.DefaultUpdateEventListener.performSaveOrUpdate(DefaultUpdateEventListener.java:55)
	at org.hibernate.event.internal.DefaultSaveOrUpdateEventListener.onSaveOrUpdate(DefaultSaveOrUpdateEventListener.java:90)
	at org.hibernate.internal.SessionImpl.fireUpdate(SessionImpl.java:739)
	at org.hibernate.internal.SessionImpl.update(SessionImpl.java:731)
	at org.hibernate.internal.SessionImpl.update(SessionImpl.java:726)
	at com.connectnow.dao.impl.AbstractDaoImpl.update(AbstractDaoImpl.java:141)
	at com.connectnow.service.impl.AbstractServiceImpl.update(AbstractServiceImpl.java:70)
	at thanh_tai.AbstractServiceImplTest.update_exception1Test(AbstractServiceImplTest.java:116)
	at org.springframework.test.context.testng.AbstractTestNGSpringContextTests.run(AbstractTestNGSpringContextTests.java:175)
... Removed 27 stack frames</pre></div><a href='#' onClick='toggleBox("stack-trace347085342", this, "Click to show all stack frames", "Click to hide stack frames")'>Click to show all stack frames</a>
<div class='stack-trace' id='stack-trace347085342'><pre>org.hibernate.TransientObjectException: The given object has a null identifier: com.connectnow.entity.ChatBoxEntity
	at org.hibernate.event.internal.DefaultSaveOrUpdateEventListener.getUpdateId(DefaultSaveOrUpdateEventListener.java:270)
	at org.hibernate.event.internal.DefaultUpdateEventListener.getUpdateId(DefaultUpdateEventListener.java:70)
	at org.hibernate.event.internal.DefaultSaveOrUpdateEventListener.entityIsDetached(DefaultSaveOrUpdateEventListener.java:238)
	at org.hibernate.event.internal.DefaultUpdateEventListener.performSaveOrUpdate(DefaultUpdateEventListener.java:55)
	at org.hibernate.event.internal.DefaultSaveOrUpdateEventListener.onSaveOrUpdate(DefaultSaveOrUpdateEventListener.java:90)
	at org.hibernate.internal.SessionImpl.fireUpdate(SessionImpl.java:739)
	at org.hibernate.internal.SessionImpl.update(SessionImpl.java:731)
	at org.hibernate.internal.SessionImpl.update(SessionImpl.java:726)
	at com.connectnow.dao.impl.AbstractDaoImpl.update(AbstractDaoImpl.java:141)
	at com.connectnow.service.impl.AbstractServiceImpl.update(AbstractServiceImpl.java:70)
	at thanh_tai.AbstractServiceImplTest.update_exception1Test(AbstractServiceImplTest.java:116)
	at sun.reflect.NativeMethodAccessorImpl.invoke0(Native Method)
	at sun.reflect.NativeMethodAccessorImpl.invoke(NativeMethodAccessorImpl.java:62)
	at sun.reflect.DelegatingMethodAccessorImpl.invoke(DelegatingMethodAccessorImpl.java:43)
	at java.lang.reflect.Method.invoke(Method.java:498)
	at org.testng.internal.MethodInvocationHelper.invokeMethod(MethodInvocationHelper.java:124)
	at org.testng.internal.MethodInvocationHelper$1.runTestMethod(MethodInvocationHelper.java:230)
	at org.springframework.test.context.testng.AbstractTestNGSpringContextTests.run(AbstractTestNGSpringContextTests.java:175)
	at org.testng.internal.MethodInvocationHelper.invokeHookable(MethodInvocationHelper.java:242)
	at org.testng.internal.Invoker.invokeMethod(Invoker.java:579)
	at org.testng.internal.Invoker.invokeTestMethod(Invoker.java:719)
	at org.testng.internal.Invoker.invokeTestMethods(Invoker.java:989)
	at org.testng.internal.TestMethodWorker.invokeTestMethods(TestMethodWorker.java:125)
	at org.testng.internal.TestMethodWorker.run(TestMethodWorker.java:109)
	at org.testng.TestRunner.privateRun(TestRunner.java:648)
	at org.testng.TestRunner.run(TestRunner.java:505)
	at org.testng.SuiteRunner.runTest(SuiteRunner.java:455)
	at org.testng.SuiteRunner.runSequentially(SuiteRunner.java:450)
	at org.testng.SuiteRunner.privateRun(SuiteRunner.java:415)
	at org.testng.SuiteRunner.run(SuiteRunner.java:364)
	at org.testng.SuiteRunnerWorker.runSuite(SuiteRunnerWorker.java:52)
	at org.testng.SuiteRunnerWorker.run(SuiteRunnerWorker.java:84)
	at org.testng.TestNG.runSuitesSequentially(TestNG.java:1208)
	at org.testng.TestNG.runSuitesLocally(TestNG.java:1137)
	at org.testng.TestNG.runSuites(TestNG.java:1049)
	at org.testng.TestNG.run(TestNG.java:1017)
	at org.testng.remote.AbstractRemoteTestNG.run(AbstractRemoteTestNG.java:115)
	at org.testng.remote.RemoteTestNG.initAndRun(RemoteTestNG.java:251)
	at org.testng.remote.RemoteTestNG.main(RemoteTestNG.java:77)
</pre></div></td>
<td>0</td>
<td>thanh_tai.AbstractServiceImplTest@6f7a2a5</td></tr>
<tr>
<td title='thanh_tai.AbstractServiceImplTest.update_exceptionTest()'><b>update_exceptionTest</b><br>Test class: thanh_tai.AbstractServiceImplTest</td>
<td><div><pre>java.lang.IllegalArgumentException: attempt to create saveOrUpdate event with null entity
	at org.hibernate.event.spi.SaveOrUpdateEvent.&lt;init&gt;(SaveOrUpdateEvent.java:62)
	at org.hibernate.event.spi.SaveOrUpdateEvent.&lt;init&gt;(SaveOrUpdateEvent.java:45)
	at org.hibernate.internal.SessionImpl.update(SessionImpl.java:731)
	at org.hibernate.internal.SessionImpl.update(SessionImpl.java:726)
	at com.connectnow.dao.impl.AbstractDaoImpl.update(AbstractDaoImpl.java:141)
	at com.connectnow.service.impl.AbstractServiceImpl.update(AbstractServiceImpl.java:70)
	at thanh_tai.AbstractServiceImplTest.update_exceptionTest(AbstractServiceImplTest.java:110)
	at org.springframework.test.context.testng.AbstractTestNGSpringContextTests.run(AbstractTestNGSpringContextTests.java:175)
... Removed 27 stack frames</pre></div><a href='#' onClick='toggleBox("stack-trace718666674", this, "Click to show all stack frames", "Click to hide stack frames")'>Click to show all stack frames</a>
<div class='stack-trace' id='stack-trace718666674'><pre>java.lang.IllegalArgumentException: attempt to create saveOrUpdate event with null entity
	at org.hibernate.event.spi.SaveOrUpdateEvent.&lt;init&gt;(SaveOrUpdateEvent.java:62)
	at org.hibernate.event.spi.SaveOrUpdateEvent.&lt;init&gt;(SaveOrUpdateEvent.java:45)
	at org.hibernate.internal.SessionImpl.update(SessionImpl.java:731)
	at org.hibernate.internal.SessionImpl.update(SessionImpl.java:726)
	at com.connectnow.dao.impl.AbstractDaoImpl.update(AbstractDaoImpl.java:141)
	at com.connectnow.service.impl.AbstractServiceImpl.update(AbstractServiceImpl.java:70)
	at thanh_tai.AbstractServiceImplTest.update_exceptionTest(AbstractServiceImplTest.java:110)
	at sun.reflect.NativeMethodAccessorImpl.invoke0(Native Method)
	at sun.reflect.NativeMethodAccessorImpl.invoke(NativeMethodAccessorImpl.java:62)
	at sun.reflect.DelegatingMethodAccessorImpl.invoke(DelegatingMethodAccessorImpl.java:43)
	at java.lang.reflect.Method.invoke(Method.java:498)
	at org.testng.internal.MethodInvocationHelper.invokeMethod(MethodInvocationHelper.java:124)
	at org.testng.internal.MethodInvocationHelper$1.runTestMethod(MethodInvocationHelper.java:230)
	at org.springframework.test.context.testng.AbstractTestNGSpringContextTests.run(AbstractTestNGSpringContextTests.java:175)
	at org.testng.internal.MethodInvocationHelper.invokeHookable(MethodInvocationHelper.java:242)
	at org.testng.internal.Invoker.invokeMethod(Invoker.java:579)
	at org.testng.internal.Invoker.invokeTestMethod(Invoker.java:719)
	at org.testng.internal.Invoker.invokeTestMethods(Invoker.java:989)
	at org.testng.internal.TestMethodWorker.invokeTestMethods(TestMethodWorker.java:125)
	at org.testng.internal.TestMethodWorker.run(TestMethodWorker.java:109)
	at org.testng.TestRunner.privateRun(TestRunner.java:648)
	at org.testng.TestRunner.run(TestRunner.java:505)
	at org.testng.SuiteRunner.runTest(SuiteRunner.java:455)
	at org.testng.SuiteRunner.runSequentially(SuiteRunner.java:450)
	at org.testng.SuiteRunner.privateRun(SuiteRunner.java:415)
	at org.testng.SuiteRunner.run(SuiteRunner.java:364)
	at org.testng.SuiteRunnerWorker.runSuite(SuiteRunnerWorker.java:52)
	at org.testng.SuiteRunnerWorker.run(SuiteRunnerWorker.java:84)
	at org.testng.TestNG.runSuitesSequentially(TestNG.java:1208)
	at org.testng.TestNG.runSuitesLocally(TestNG.java:1137)
	at org.testng.TestNG.runSuites(TestNG.java:1049)
	at org.testng.TestNG.run(TestNG.java:1017)
	at org.testng.remote.AbstractRemoteTestNG.run(AbstractRemoteTestNG.java:115)
	at org.testng.remote.RemoteTestNG.initAndRun(RemoteTestNG.java:251)
	at org.testng.remote.RemoteTestNG.main(RemoteTestNG.java:77)
</pre></div></td>
<td>0</td>
<td>thanh_tai.AbstractServiceImplTest@6f7a2a5</td></tr>
</table><p>
</body>
</html>