<html>
<head>
<title>TestNG:  abstract-dao-test</title>
<link href="../testng.css" rel="stylesheet" type="text/css" />
<link href="../my-testng.css" rel="stylesheet" type="text/css" />

<style type="text/css">
.log { display: none;} 
.stack-trace { display: none;} 
</style>
<script type="text/javascript">
<!--
function flip(e) {
  current = e.style.display;
  if (current == 'block') {
    e.style.display = 'none';
    return 0;
  }
  else {
    e.style.display = 'block';
    return 1;
  }
}

function toggleBox(szDivId, elem, msg1, msg2)
{
  var res = -1;  if (document.getElementById) {
    res = flip(document.getElementById(szDivId));
  }
  else if (document.all) {
    // this is the way old msie versions work
    res = flip(document.all[szDivId]);
  }
  if(elem) {
    if(res == 0) elem.innerHTML = msg1; else elem.innerHTML = msg2;
  }

}

function toggleAllBoxes() {
  if (document.getElementsByTagName) {
    d = document.getElementsByTagName('div');
    for (i = 0; i < d.length; i++) {
      if (d[i].className == 'log') {
        flip(d[i]);
      }
    }
  }
}

// -->
</script>

</head>
<body>
<h2 align='center'>abstract-dao-test</h2><table border='1' align="center">
<tr>
<td>Tests passed/Failed/Skipped:</td><td>15/0/0</td>
</tr><tr>
<td>Started on:</td><td>Wed Jun 26 20:32:57 ICT 2019</td>
</tr>
<tr><td>Total time:</td><td>7 seconds (7578 ms)</td>
</tr><tr>
<td>Included groups:</td><td></td>
</tr><tr>
<td>Excluded groups:</td><td></td>
</tr>
</table><p/>
<small><i>(Hover the method name to see the test class name)</i></small><p/>
<table width='100%' border='1' class='invocation-passed'>
<tr><td colspan='4' align='center'><b>PASSED TESTS</b></td></tr>
<tr><td><b>Test method</b></td>
<td width="30%"><b>Exception</b></td>
<td width="10%"><b>Time (seconds)</b></td>
<td><b>Instance</b></td>
</tr>
<tr>
<td title='vi_khang.AbstractDaoImplTest.deleteTest()'><b>deleteTest</b><br>Test class: vi_khang.AbstractDaoImplTest</td>
<td></td>
<td>0</td>
<td>vi_khang.AbstractDaoImplTest@6221b13b</td></tr>
<tr>
<td title='vi_khang.AbstractDaoImplTest.delete_exception1Test()'><b>delete_exception1Test</b><br>Test class: vi_khang.AbstractDaoImplTest</td>
<td><div><pre>org.hibernate.StaleStateException: Batch update returned unexpected row count from update [0]; actual row count: 0; expected: 1
	at org.hibernate.jdbc.Expectations$BasicExpectation.checkBatched(Expectations.java:81)
	at org.hibernate.jdbc.Expectations$BasicExpectation.verifyOutcome(Expectations.java:73)
	at org.hibernate.engine.jdbc.batch.internal.NonBatchingBatch.addToBatch(NonBatchingBatch.java:63)
	at org.hibernate.persister.entity.AbstractEntityPersister.delete(AbstractEntityPersister.java:3400)
	at org.hibernate.persister.entity.AbstractEntityPersister.delete(AbstractEntityPersister.java:3630)
	at org.hibernate.action.internal.EntityDeleteAction.execute(EntityDeleteAction.java:114)
	at org.hibernate.engine.spi.ActionQueue.executeActions(ActionQueue.java:465)
	at org.hibernate.engine.spi.ActionQueue.executeActions(ActionQueue.java:351)
	at org.hibernate.event.internal.AbstractFlushingEventListener.performExecutions(AbstractFlushingEventListener.java:350)
	at org.hibernate.event.internal.DefaultFlushEventListener.onFlush(DefaultFlushEventListener.java:56)
	at org.hibernate.internal.SessionImpl.flush(SessionImpl.java:1258)
	at com.connectnow.dao.impl.AbstractDaoImpl.delete(AbstractDaoImpl.java:160)
	at vi_khang.AbstractDaoImplTest.delete_exception1Test(AbstractDaoImplTest.java:151)
	at org.springframework.test.context.testng.AbstractTestNGSpringContextTests.run(AbstractTestNGSpringContextTests.java:175)
... Removed 28 stack frames</pre></div><a href='#' onClick='toggleBox("stack-trace1334270540", this, "Click to show all stack frames", "Click to hide stack frames")'>Click to show all stack frames</a>
<div class='stack-trace' id='stack-trace1334270540'><pre>org.hibernate.StaleStateException: Batch update returned unexpected row count from update [0]; actual row count: 0; expected: 1
	at org.hibernate.jdbc.Expectations$BasicExpectation.checkBatched(Expectations.java:81)
	at org.hibernate.jdbc.Expectations$BasicExpectation.verifyOutcome(Expectations.java:73)
	at org.hibernate.engine.jdbc.batch.internal.NonBatchingBatch.addToBatch(NonBatchingBatch.java:63)
	at org.hibernate.persister.entity.AbstractEntityPersister.delete(AbstractEntityPersister.java:3400)
	at org.hibernate.persister.entity.AbstractEntityPersister.delete(AbstractEntityPersister.java:3630)
	at org.hibernate.action.internal.EntityDeleteAction.execute(EntityDeleteAction.java:114)
	at org.hibernate.engine.spi.ActionQueue.executeActions(ActionQueue.java:465)
	at org.hibernate.engine.spi.ActionQueue.executeActions(ActionQueue.java:351)
	at org.hibernate.event.internal.AbstractFlushingEventListener.performExecutions(AbstractFlushingEventListener.java:350)
	at org.hibernate.event.internal.DefaultFlushEventListener.onFlush(DefaultFlushEventListener.java:56)
	at org.hibernate.internal.SessionImpl.flush(SessionImpl.java:1258)
	at com.connectnow.dao.impl.AbstractDaoImpl.delete(AbstractDaoImpl.java:160)
	at vi_khang.AbstractDaoImplTest.delete_exception1Test(AbstractDaoImplTest.java:151)
	at sun.reflect.NativeMethodAccessorImpl.invoke0(Native Method)
	at sun.reflect.NativeMethodAccessorImpl.invoke(NativeMethodAccessorImpl.java:62)
	at sun.reflect.DelegatingMethodAccessorImpl.invoke(DelegatingMethodAccessorImpl.java:43)
	at java.lang.reflect.Method.invoke(Method.java:498)
	at org.testng.internal.MethodInvocationHelper.invokeMethod(MethodInvocationHelper.java:124)
	at org.testng.internal.MethodInvocationHelper$1.runTestMethod(MethodInvocationHelper.java:230)
	at org.springframework.test.context.testng.AbstractTestNGSpringContextTests.run(AbstractTestNGSpringContextTests.java:175)
	at org.testng.internal.MethodInvocationHelper.invokeHookable(MethodInvocationHelper.java:242)
	at org.testng.internal.Invoker.invokeMethod(Invoker.java:579)
	at org.testng.internal.Invoker.invokeTestMethod(Invoker.java:719)
	at org.testng.internal.Invoker.invokeTestMethods(Invoker.java:989)
	at org.testng.internal.TestMethodWorker.invokeTestMethods(TestMethodWorker.java:125)
	at org.testng.internal.TestMethodWorker.run(TestMethodWorker.java:109)
	at org.testng.TestRunner.privateRun(TestRunner.java:648)
	at org.testng.TestRunner.run(TestRunner.java:505)
	at org.testng.SuiteRunner.runTest(SuiteRunner.java:455)
	at org.testng.SuiteRunner.runSequentially(SuiteRunner.java:450)
	at org.testng.SuiteRunner.privateRun(SuiteRunner.java:415)
	at org.testng.SuiteRunner.run(SuiteRunner.java:364)
	at org.testng.SuiteRunnerWorker.runSuite(SuiteRunnerWorker.java:52)
	at org.testng.SuiteRunnerWorker.run(SuiteRunnerWorker.java:84)
	at org.testng.TestNG.runSuitesSequentially(TestNG.java:1208)
	at org.testng.TestNG.runSuitesSequentially(TestNG.java:1204)
	at org.testng.TestNG.runSuitesLocally(TestNG.java:1137)
	at org.testng.TestNG.runSuites(TestNG.java:1049)
	at org.testng.TestNG.run(TestNG.java:1017)
	at org.testng.remote.AbstractRemoteTestNG.run(AbstractRemoteTestNG.java:115)
	at org.testng.remote.RemoteTestNG.initAndRun(RemoteTestNG.java:251)
	at org.testng.remote.RemoteTestNG.main(RemoteTestNG.java:77)
</pre></div></td>
<td>0</td>
<td>vi_khang.AbstractDaoImplTest@6221b13b</td></tr>
<tr>
<td title='vi_khang.AbstractDaoImplTest.delete_exceptionTest()'><b>delete_exceptionTest</b><br>Test class: vi_khang.AbstractDaoImplTest</td>
<td><div><pre>java.lang.IllegalArgumentException: attempt to create delete event with null entity
	at org.hibernate.event.spi.DeleteEvent.&lt;init&gt;(DeleteEvent.java:48)
	at org.hibernate.internal.SessionImpl.delete(SessionImpl.java:896)
	at com.connectnow.dao.impl.AbstractDaoImpl.delete(AbstractDaoImpl.java:159)
	at vi_khang.AbstractDaoImplTest.delete_exceptionTest(AbstractDaoImplTest.java:144)
	at org.springframework.test.context.testng.AbstractTestNGSpringContextTests.run(AbstractTestNGSpringContextTests.java:175)
... Removed 28 stack frames</pre></div><a href='#' onClick='toggleBox("stack-trace695623985", this, "Click to show all stack frames", "Click to hide stack frames")'>Click to show all stack frames</a>
<div class='stack-trace' id='stack-trace695623985'><pre>java.lang.IllegalArgumentException: attempt to create delete event with null entity
	at org.hibernate.event.spi.DeleteEvent.&lt;init&gt;(DeleteEvent.java:48)
	at org.hibernate.internal.SessionImpl.delete(SessionImpl.java:896)
	at com.connectnow.dao.impl.AbstractDaoImpl.delete(AbstractDaoImpl.java:159)
	at vi_khang.AbstractDaoImplTest.delete_exceptionTest(AbstractDaoImplTest.java:144)
	at sun.reflect.NativeMethodAccessorImpl.invoke0(Native Method)
	at sun.reflect.NativeMethodAccessorImpl.invoke(NativeMethodAccessorImpl.java:62)
	at sun.reflect.DelegatingMethodAccessorImpl.invoke(DelegatingMethodAccessorImpl.java:43)
	at java.lang.reflect.Method.invoke(Method.java:498)
	at org.testng.internal.MethodInvocationHelper.invokeMethod(MethodInvocationHelper.java:124)
	at org.testng.internal.MethodInvocationHelper$1.runTestMethod(MethodInvocationHelper.java:230)
	at org.springframework.test.context.testng.AbstractTestNGSpringContextTests.run(AbstractTestNGSpringContextTests.java:175)
	at org.testng.internal.MethodInvocationHelper.invokeHookable(MethodInvocationHelper.java:242)
	at org.testng.internal.Invoker.invokeMethod(Invoker.java:579)
	at org.testng.internal.Invoker.invokeTestMethod(Invoker.java:719)
	at org.testng.internal.Invoker.invokeTestMethods(Invoker.java:989)
	at org.testng.internal.TestMethodWorker.invokeTestMethods(TestMethodWorker.java:125)
	at org.testng.internal.TestMethodWorker.run(TestMethodWorker.java:109)
	at org.testng.TestRunner.privateRun(TestRunner.java:648)
	at org.testng.TestRunner.run(TestRunner.java:505)
	at org.testng.SuiteRunner.runTest(SuiteRunner.java:455)
	at org.testng.SuiteRunner.runSequentially(SuiteRunner.java:450)
	at org.testng.SuiteRunner.privateRun(SuiteRunner.java:415)
	at org.testng.SuiteRunner.run(SuiteRunner.java:364)
	at org.testng.SuiteRunnerWorker.runSuite(SuiteRunnerWorker.java:52)
	at org.testng.SuiteRunnerWorker.run(SuiteRunnerWorker.java:84)
	at org.testng.TestNG.runSuitesSequentially(TestNG.java:1208)
	at org.testng.TestNG.runSuitesSequentially(TestNG.java:1204)
	at org.testng.TestNG.runSuitesLocally(TestNG.java:1137)
	at org.testng.TestNG.runSuites(TestNG.java:1049)
	at org.testng.TestNG.run(TestNG.java:1017)
	at org.testng.remote.AbstractRemoteTestNG.run(AbstractRemoteTestNG.java:115)
	at org.testng.remote.RemoteTestNG.initAndRun(RemoteTestNG.java:251)
	at org.testng.remote.RemoteTestNG.main(RemoteTestNG.java:77)
</pre></div></td>
<td>0</td>
<td>vi_khang.AbstractDaoImplTest@6221b13b</td></tr>
<tr>
<td title='vi_khang.AbstractDaoImplTest.findAllByPropertiesTest()'><b>findAllByPropertiesTest</b><br>Test class: vi_khang.AbstractDaoImplTest</td>
<td></td>
<td>0</td>
<td>vi_khang.AbstractDaoImplTest@6221b13b</td></tr>
<tr>
<td title='vi_khang.AbstractDaoImplTest.findAllByProperties_exceptionTest()'><b>findAllByProperties_exceptionTest</b><br>Test class: vi_khang.AbstractDaoImplTest</td>
<td><div><pre>org.hibernate.QueryException: could not resolve property: abcxyz of: com.connectnow.entity.ChatBoxEntity
	at org.hibernate.persister.entity.AbstractPropertyMapping.propertyException(AbstractPropertyMapping.java:83)
	at org.hibernate.persister.entity.AbstractPropertyMapping.toType(AbstractPropertyMapping.java:77)
	at org.hibernate.persister.entity.AbstractEntityPersister.getSubclassPropertyTableNumber(AbstractEntityPersister.java:1995)
	at org.hibernate.persister.entity.BasicEntityPropertyMapping.toColumns(BasicEntityPropertyMapping.java:61)
	at org.hibernate.persister.entity.AbstractEntityPersister.toColumns(AbstractEntityPersister.java:1970)
	at org.hibernate.loader.criteria.CriteriaQueryTranslator.getColumns(CriteriaQueryTranslator.java:518)
	at org.hibernate.loader.criteria.CriteriaQueryTranslator.findColumns(CriteriaQueryTranslator.java:534)
	at org.hibernate.criterion.SimpleExpression.toSqlString(SimpleExpression.java:83)
	at org.hibernate.loader.criteria.CriteriaQueryTranslator.getWhereCondition(CriteriaQueryTranslator.java:417)
	at org.hibernate.loader.criteria.CriteriaJoinWalker.&lt;init&gt;(CriteriaJoinWalker.java:123)
	at org.hibernate.loader.criteria.CriteriaJoinWalker.&lt;init&gt;(CriteriaJoinWalker.java:92)
	at org.hibernate.loader.criteria.CriteriaLoader.&lt;init&gt;(CriteriaLoader.java:97)
	at org.hibernate.internal.SessionImpl.list(SessionImpl.java:1699)
	at org.hibernate.internal.CriteriaImpl.list(CriteriaImpl.java:380)
	at com.connectnow.dao.impl.AbstractDaoImpl.findAllByProperties(AbstractDaoImpl.java:85)
	at vi_khang.AbstractDaoImplTest.findAllByProperties_exceptionTest(AbstractDaoImplTest.java:79)
	at org.springframework.test.context.testng.AbstractTestNGSpringContextTests.run(AbstractTestNGSpringContextTests.java:175)
... Removed 28 stack frames</pre></div><a href='#' onClick='toggleBox("stack-trace384954167", this, "Click to show all stack frames", "Click to hide stack frames")'>Click to show all stack frames</a>
<div class='stack-trace' id='stack-trace384954167'><pre>org.hibernate.QueryException: could not resolve property: abcxyz of: com.connectnow.entity.ChatBoxEntity
	at org.hibernate.persister.entity.AbstractPropertyMapping.propertyException(AbstractPropertyMapping.java:83)
	at org.hibernate.persister.entity.AbstractPropertyMapping.toType(AbstractPropertyMapping.java:77)
	at org.hibernate.persister.entity.AbstractEntityPersister.getSubclassPropertyTableNumber(AbstractEntityPersister.java:1995)
	at org.hibernate.persister.entity.BasicEntityPropertyMapping.toColumns(BasicEntityPropertyMapping.java:61)
	at org.hibernate.persister.entity.AbstractEntityPersister.toColumns(AbstractEntityPersister.java:1970)
	at org.hibernate.loader.criteria.CriteriaQueryTranslator.getColumns(CriteriaQueryTranslator.java:518)
	at org.hibernate.loader.criteria.CriteriaQueryTranslator.findColumns(CriteriaQueryTranslator.java:534)
	at org.hibernate.criterion.SimpleExpression.toSqlString(SimpleExpression.java:83)
	at org.hibernate.loader.criteria.CriteriaQueryTranslator.getWhereCondition(CriteriaQueryTranslator.java:417)
	at org.hibernate.loader.criteria.CriteriaJoinWalker.&lt;init&gt;(CriteriaJoinWalker.java:123)
	at org.hibernate.loader.criteria.CriteriaJoinWalker.&lt;init&gt;(CriteriaJoinWalker.java:92)
	at org.hibernate.loader.criteria.CriteriaLoader.&lt;init&gt;(CriteriaLoader.java:97)
	at org.hibernate.internal.SessionImpl.list(SessionImpl.java:1699)
	at org.hibernate.internal.CriteriaImpl.list(CriteriaImpl.java:380)
	at com.connectnow.dao.impl.AbstractDaoImpl.findAllByProperties(AbstractDaoImpl.java:85)
	at vi_khang.AbstractDaoImplTest.findAllByProperties_exceptionTest(AbstractDaoImplTest.java:79)
	at sun.reflect.NativeMethodAccessorImpl.invoke0(Native Method)
	at sun.reflect.NativeMethodAccessorImpl.invoke(NativeMethodAccessorImpl.java:62)
	at sun.reflect.DelegatingMethodAccessorImpl.invoke(DelegatingMethodAccessorImpl.java:43)
	at java.lang.reflect.Method.invoke(Method.java:498)
	at org.testng.internal.MethodInvocationHelper.invokeMethod(MethodInvocationHelper.java:124)
	at org.testng.internal.MethodInvocationHelper$1.runTestMethod(MethodInvocationHelper.java:230)
	at org.springframework.test.context.testng.AbstractTestNGSpringContextTests.run(AbstractTestNGSpringContextTests.java:175)
	at org.testng.internal.MethodInvocationHelper.invokeHookable(MethodInvocationHelper.java:242)
	at org.testng.internal.Invoker.invokeMethod(Invoker.java:579)
	at org.testng.internal.Invoker.invokeTestMethod(Invoker.java:719)
	at org.testng.internal.Invoker.invokeTestMethods(Invoker.java:989)
	at org.testng.internal.TestMethodWorker.invokeTestMethods(TestMethodWorker.java:125)
	at org.testng.internal.TestMethodWorker.run(TestMethodWorker.java:109)
	at org.testng.TestRunner.privateRun(TestRunner.java:648)
	at org.testng.TestRunner.run(TestRunner.java:505)
	at org.testng.SuiteRunner.runTest(SuiteRunner.java:455)
	at org.testng.SuiteRunner.runSequentially(SuiteRunner.java:450)
	at org.testng.SuiteRunner.privateRun(SuiteRunner.java:415)
	at org.testng.SuiteRunner.run(SuiteRunner.java:364)
	at org.testng.SuiteRunnerWorker.runSuite(SuiteRunnerWorker.java:52)
	at org.testng.SuiteRunnerWorker.run(SuiteRunnerWorker.java:84)
	at org.testng.TestNG.runSuitesSequentially(TestNG.java:1208)
	at org.testng.TestNG.runSuitesSequentially(TestNG.java:1204)
	at org.testng.TestNG.runSuitesLocally(TestNG.java:1137)
	at org.testng.TestNG.runSuites(TestNG.java:1049)
	at org.testng.TestNG.run(TestNG.java:1017)
	at org.testng.remote.AbstractRemoteTestNG.run(AbstractRemoteTestNG.java:115)
	at org.testng.remote.RemoteTestNG.initAndRun(RemoteTestNG.java:251)
	at org.testng.remote.RemoteTestNG.main(RemoteTestNG.java:77)
</pre></div></td>
<td>0</td>
<td>vi_khang.AbstractDaoImplTest@6221b13b</td></tr>
<tr>
<td title='vi_khang.AbstractDaoImplTest.findAllTest()'><b>findAllTest</b><br>Test class: vi_khang.AbstractDaoImplTest</td>
<td></td>
<td>0</td>
<td>vi_khang.AbstractDaoImplTest@6221b13b</td></tr>
<tr>
<td title='vi_khang.AbstractDaoImplTest.findAll_pageableTest()'><b>findAll_pageableTest</b><br>Test class: vi_khang.AbstractDaoImplTest</td>
<td></td>
<td>0</td>
<td>vi_khang.AbstractDaoImplTest@6221b13b</td></tr>
<tr>
<td title='vi_khang.AbstractDaoImplTest.findOneByIdTest()'><b>findOneByIdTest</b><br>Test class: vi_khang.AbstractDaoImplTest</td>
<td></td>
<td>0</td>
<td>vi_khang.AbstractDaoImplTest@6221b13b</td></tr>
<tr>
<td title='vi_khang.AbstractDaoImplTest.findOneByPropertiesTest()'><b>findOneByPropertiesTest</b><br>Test class: vi_khang.AbstractDaoImplTest</td>
<td></td>
<td>0</td>
<td>vi_khang.AbstractDaoImplTest@6221b13b</td></tr>
<tr>
<td title='vi_khang.AbstractDaoImplTest.findOneByProperties_exceptionTest()'><b>findOneByProperties_exceptionTest</b><br>Test class: vi_khang.AbstractDaoImplTest</td>
<td><div><pre>org.hibernate.QueryException: could not resolve property: abcxyz of: com.connectnow.entity.ChatBoxEntity
	at org.hibernate.persister.entity.AbstractPropertyMapping.propertyException(AbstractPropertyMapping.java:83)
	at org.hibernate.persister.entity.AbstractPropertyMapping.toType(AbstractPropertyMapping.java:77)
	at org.hibernate.persister.entity.AbstractEntityPersister.getSubclassPropertyTableNumber(AbstractEntityPersister.java:1995)
	at org.hibernate.persister.entity.BasicEntityPropertyMapping.toColumns(BasicEntityPropertyMapping.java:61)
	at org.hibernate.persister.entity.AbstractEntityPersister.toColumns(AbstractEntityPersister.java:1970)
	at org.hibernate.loader.criteria.CriteriaQueryTranslator.getColumns(CriteriaQueryTranslator.java:518)
	at org.hibernate.loader.criteria.CriteriaQueryTranslator.findColumns(CriteriaQueryTranslator.java:534)
	at org.hibernate.criterion.SimpleExpression.toSqlString(SimpleExpression.java:83)
	at org.hibernate.loader.criteria.CriteriaQueryTranslator.getWhereCondition(CriteriaQueryTranslator.java:417)
	at org.hibernate.loader.criteria.CriteriaJoinWalker.&lt;init&gt;(CriteriaJoinWalker.java:123)
	at org.hibernate.loader.criteria.CriteriaJoinWalker.&lt;init&gt;(CriteriaJoinWalker.java:92)
	at org.hibernate.loader.criteria.CriteriaLoader.&lt;init&gt;(CriteriaLoader.java:97)
	at org.hibernate.internal.SessionImpl.list(SessionImpl.java:1699)
	at org.hibernate.internal.CriteriaImpl.list(CriteriaImpl.java:380)
	at org.hibernate.internal.CriteriaImpl.uniqueResult(CriteriaImpl.java:402)
	at com.connectnow.dao.impl.AbstractDaoImpl.findOneByProperties(AbstractDaoImpl.java:107)
	at vi_khang.AbstractDaoImplTest.findOneByProperties_exceptionTest(AbstractDaoImplTest.java:96)
	at org.springframework.test.context.testng.AbstractTestNGSpringContextTests.run(AbstractTestNGSpringContextTests.java:175)
... Removed 28 stack frames</pre></div><a href='#' onClick='toggleBox("stack-trace1050716176", this, "Click to show all stack frames", "Click to hide stack frames")'>Click to show all stack frames</a>
<div class='stack-trace' id='stack-trace1050716176'><pre>org.hibernate.QueryException: could not resolve property: abcxyz of: com.connectnow.entity.ChatBoxEntity
	at org.hibernate.persister.entity.AbstractPropertyMapping.propertyException(AbstractPropertyMapping.java:83)
	at org.hibernate.persister.entity.AbstractPropertyMapping.toType(AbstractPropertyMapping.java:77)
	at org.hibernate.persister.entity.AbstractEntityPersister.getSubclassPropertyTableNumber(AbstractEntityPersister.java:1995)
	at org.hibernate.persister.entity.BasicEntityPropertyMapping.toColumns(BasicEntityPropertyMapping.java:61)
	at org.hibernate.persister.entity.AbstractEntityPersister.toColumns(AbstractEntityPersister.java:1970)
	at org.hibernate.loader.criteria.CriteriaQueryTranslator.getColumns(CriteriaQueryTranslator.java:518)
	at org.hibernate.loader.criteria.CriteriaQueryTranslator.findColumns(CriteriaQueryTranslator.java:534)
	at org.hibernate.criterion.SimpleExpression.toSqlString(SimpleExpression.java:83)
	at org.hibernate.loader.criteria.CriteriaQueryTranslator.getWhereCondition(CriteriaQueryTranslator.java:417)
	at org.hibernate.loader.criteria.CriteriaJoinWalker.&lt;init&gt;(CriteriaJoinWalker.java:123)
	at org.hibernate.loader.criteria.CriteriaJoinWalker.&lt;init&gt;(CriteriaJoinWalker.java:92)
	at org.hibernate.loader.criteria.CriteriaLoader.&lt;init&gt;(CriteriaLoader.java:97)
	at org.hibernate.internal.SessionImpl.list(SessionImpl.java:1699)
	at org.hibernate.internal.CriteriaImpl.list(CriteriaImpl.java:380)
	at org.hibernate.internal.CriteriaImpl.uniqueResult(CriteriaImpl.java:402)
	at com.connectnow.dao.impl.AbstractDaoImpl.findOneByProperties(AbstractDaoImpl.java:107)
	at vi_khang.AbstractDaoImplTest.findOneByProperties_exceptionTest(AbstractDaoImplTest.java:96)
	at sun.reflect.NativeMethodAccessorImpl.invoke0(Native Method)
	at sun.reflect.NativeMethodAccessorImpl.invoke(NativeMethodAccessorImpl.java:62)
	at sun.reflect.DelegatingMethodAccessorImpl.invoke(DelegatingMethodAccessorImpl.java:43)
	at java.lang.reflect.Method.invoke(Method.java:498)
	at org.testng.internal.MethodInvocationHelper.invokeMethod(MethodInvocationHelper.java:124)
	at org.testng.internal.MethodInvocationHelper$1.runTestMethod(MethodInvocationHelper.java:230)
	at org.springframework.test.context.testng.AbstractTestNGSpringContextTests.run(AbstractTestNGSpringContextTests.java:175)
	at org.testng.internal.MethodInvocationHelper.invokeHookable(MethodInvocationHelper.java:242)
	at org.testng.internal.Invoker.invokeMethod(Invoker.java:579)
	at org.testng.internal.Invoker.invokeTestMethod(Invoker.java:719)
	at org.testng.internal.Invoker.invokeTestMethods(Invoker.java:989)
	at org.testng.internal.TestMethodWorker.invokeTestMethods(TestMethodWorker.java:125)
	at org.testng.internal.TestMethodWorker.run(TestMethodWorker.java:109)
	at org.testng.TestRunner.privateRun(TestRunner.java:648)
	at org.testng.TestRunner.run(TestRunner.java:505)
	at org.testng.SuiteRunner.runTest(SuiteRunner.java:455)
	at org.testng.SuiteRunner.runSequentially(SuiteRunner.java:450)
	at org.testng.SuiteRunner.privateRun(SuiteRunner.java:415)
	at org.testng.SuiteRunner.run(SuiteRunner.java:364)
	at org.testng.SuiteRunnerWorker.runSuite(SuiteRunnerWorker.java:52)
	at org.testng.SuiteRunnerWorker.run(SuiteRunnerWorker.java:84)
	at org.testng.TestNG.runSuitesSequentially(TestNG.java:1208)
	at org.testng.TestNG.runSuitesSequentially(TestNG.java:1204)
	at org.testng.TestNG.runSuitesLocally(TestNG.java:1137)
	at org.testng.TestNG.runSuites(TestNG.java:1049)
	at org.testng.TestNG.run(TestNG.java:1017)
	at org.testng.remote.AbstractRemoteTestNG.run(AbstractRemoteTestNG.java:115)
	at org.testng.remote.RemoteTestNG.initAndRun(RemoteTestNG.java:251)
	at org.testng.remote.RemoteTestNG.main(RemoteTestNG.java:77)
</pre></div></td>
<td>0</td>
<td>vi_khang.AbstractDaoImplTest@6221b13b</td></tr>
<tr>
<td title='vi_khang.AbstractDaoImplTest.saveTest()'><b>saveTest</b><br>Test class: vi_khang.AbstractDaoImplTest</td>
<td></td>
<td>0</td>
<td>vi_khang.AbstractDaoImplTest@6221b13b</td></tr>
<tr>
<td title='vi_khang.AbstractDaoImplTest.save_exceptionTest()'><b>save_exceptionTest</b><br>Test class: vi_khang.AbstractDaoImplTest</td>
<td><div><pre>java.lang.IllegalArgumentException: attempt to create saveOrUpdate event with null entity
	at org.hibernate.event.spi.SaveOrUpdateEvent.&lt;init&gt;(SaveOrUpdateEvent.java:62)
	at org.hibernate.event.spi.SaveOrUpdateEvent.&lt;init&gt;(SaveOrUpdateEvent.java:45)
	at org.hibernate.internal.SessionImpl.save(SessionImpl.java:707)
	at org.hibernate.internal.SessionImpl.save(SessionImpl.java:702)
	at com.connectnow.dao.impl.AbstractDaoImpl.save(AbstractDaoImpl.java:123)
	at vi_khang.AbstractDaoImplTest.save_exceptionTest(AbstractDaoImplTest.java:113)
	at org.springframework.test.context.testng.AbstractTestNGSpringContextTests.run(AbstractTestNGSpringContextTests.java:175)
... Removed 28 stack frames</pre></div><a href='#' onClick='toggleBox("stack-trace1702691145", this, "Click to show all stack frames", "Click to hide stack frames")'>Click to show all stack frames</a>
<div class='stack-trace' id='stack-trace1702691145'><pre>java.lang.IllegalArgumentException: attempt to create saveOrUpdate event with null entity
	at org.hibernate.event.spi.SaveOrUpdateEvent.&lt;init&gt;(SaveOrUpdateEvent.java:62)
	at org.hibernate.event.spi.SaveOrUpdateEvent.&lt;init&gt;(SaveOrUpdateEvent.java:45)
	at org.hibernate.internal.SessionImpl.save(SessionImpl.java:707)
	at org.hibernate.internal.SessionImpl.save(SessionImpl.java:702)
	at com.connectnow.dao.impl.AbstractDaoImpl.save(AbstractDaoImpl.java:123)
	at vi_khang.AbstractDaoImplTest.save_exceptionTest(AbstractDaoImplTest.java:113)
	at sun.reflect.NativeMethodAccessorImpl.invoke0(Native Method)
	at sun.reflect.NativeMethodAccessorImpl.invoke(NativeMethodAccessorImpl.java:62)
	at sun.reflect.DelegatingMethodAccessorImpl.invoke(DelegatingMethodAccessorImpl.java:43)
	at java.lang.reflect.Method.invoke(Method.java:498)
	at org.testng.internal.MethodInvocationHelper.invokeMethod(MethodInvocationHelper.java:124)
	at org.testng.internal.MethodInvocationHelper$1.runTestMethod(MethodInvocationHelper.java:230)
	at org.springframework.test.context.testng.AbstractTestNGSpringContextTests.run(AbstractTestNGSpringContextTests.java:175)
	at org.testng.internal.MethodInvocationHelper.invokeHookable(MethodInvocationHelper.java:242)
	at org.testng.internal.Invoker.invokeMethod(Invoker.java:579)
	at org.testng.internal.Invoker.invokeTestMethod(Invoker.java:719)
	at org.testng.internal.Invoker.invokeTestMethods(Invoker.java:989)
	at org.testng.internal.TestMethodWorker.invokeTestMethods(TestMethodWorker.java:125)
	at org.testng.internal.TestMethodWorker.run(TestMethodWorker.java:109)
	at org.testng.TestRunner.privateRun(TestRunner.java:648)
	at org.testng.TestRunner.run(TestRunner.java:505)
	at org.testng.SuiteRunner.runTest(SuiteRunner.java:455)
	at org.testng.SuiteRunner.runSequentially(SuiteRunner.java:450)
	at org.testng.SuiteRunner.privateRun(SuiteRunner.java:415)
	at org.testng.SuiteRunner.run(SuiteRunner.java:364)
	at org.testng.SuiteRunnerWorker.runSuite(SuiteRunnerWorker.java:52)
	at org.testng.SuiteRunnerWorker.run(SuiteRunnerWorker.java:84)
	at org.testng.TestNG.runSuitesSequentially(TestNG.java:1208)
	at org.testng.TestNG.runSuitesSequentially(TestNG.java:1204)
	at org.testng.TestNG.runSuitesLocally(TestNG.java:1137)
	at org.testng.TestNG.runSuites(TestNG.java:1049)
	at org.testng.TestNG.run(TestNG.java:1017)
	at org.testng.remote.AbstractRemoteTestNG.run(AbstractRemoteTestNG.java:115)
	at org.testng.remote.RemoteTestNG.initAndRun(RemoteTestNG.java:251)
	at org.testng.remote.RemoteTestNG.main(RemoteTestNG.java:77)
</pre></div></td>
<td>0</td>
<td>vi_khang.AbstractDaoImplTest@6221b13b</td></tr>
<tr>
<td title='vi_khang.AbstractDaoImplTest.updateTest()'><b>updateTest</b><br>Test class: vi_khang.AbstractDaoImplTest</td>
<td></td>
<td>0</td>
<td>vi_khang.AbstractDaoImplTest@6221b13b</td></tr>
<tr>
<td title='vi_khang.AbstractDaoImplTest.update_exception1Test()'><b>update_exception1Test</b><br>Test class: vi_khang.AbstractDaoImplTest</td>
<td><div><pre>org.hibernate.TransientObjectException: The given object has a null identifier: com.connectnow.entity.ChatBoxEntity
	at org.hibernate.event.internal.DefaultSaveOrUpdateEventListener.getUpdateId(DefaultSaveOrUpdateEventListener.java:270)
	at org.hibernate.event.internal.DefaultUpdateEventListener.getUpdateId(DefaultUpdateEventListener.java:70)
	at org.hibernate.event.internal.DefaultSaveOrUpdateEventListener.entityIsDetached(DefaultSaveOrUpdateEventListener.java:238)
	at org.hibernate.event.internal.DefaultUpdateEventListener.performSaveOrUpdate(DefaultUpdateEventListener.java:55)
	at org.hibernate.event.internal.DefaultSaveOrUpdateEventListener.onSaveOrUpdate(DefaultSaveOrUpdateEventListener.java:90)
	at org.hibernate.internal.SessionImpl.fireUpdate(SessionImpl.java:739)
	at org.hibernate.internal.SessionImpl.update(SessionImpl.java:731)
	at org.hibernate.internal.SessionImpl.update(SessionImpl.java:726)
	at com.connectnow.dao.impl.AbstractDaoImpl.update(AbstractDaoImpl.java:141)
	at vi_khang.AbstractDaoImplTest.update_exception1Test(AbstractDaoImplTest.java:133)
	at org.springframework.test.context.testng.AbstractTestNGSpringContextTests.run(AbstractTestNGSpringContextTests.java:175)
... Removed 28 stack frames</pre></div><a href='#' onClick='toggleBox("stack-trace246143591", this, "Click to show all stack frames", "Click to hide stack frames")'>Click to show all stack frames</a>
<div class='stack-trace' id='stack-trace246143591'><pre>org.hibernate.TransientObjectException: The given object has a null identifier: com.connectnow.entity.ChatBoxEntity
	at org.hibernate.event.internal.DefaultSaveOrUpdateEventListener.getUpdateId(DefaultSaveOrUpdateEventListener.java:270)
	at org.hibernate.event.internal.DefaultUpdateEventListener.getUpdateId(DefaultUpdateEventListener.java:70)
	at org.hibernate.event.internal.DefaultSaveOrUpdateEventListener.entityIsDetached(DefaultSaveOrUpdateEventListener.java:238)
	at org.hibernate.event.internal.DefaultUpdateEventListener.performSaveOrUpdate(DefaultUpdateEventListener.java:55)
	at org.hibernate.event.internal.DefaultSaveOrUpdateEventListener.onSaveOrUpdate(DefaultSaveOrUpdateEventListener.java:90)
	at org.hibernate.internal.SessionImpl.fireUpdate(SessionImpl.java:739)
	at org.hibernate.internal.SessionImpl.update(SessionImpl.java:731)
	at org.hibernate.internal.SessionImpl.update(SessionImpl.java:726)
	at com.connectnow.dao.impl.AbstractDaoImpl.update(AbstractDaoImpl.java:141)
	at vi_khang.AbstractDaoImplTest.update_exception1Test(AbstractDaoImplTest.java:133)
	at sun.reflect.NativeMethodAccessorImpl.invoke0(Native Method)
	at sun.reflect.NativeMethodAccessorImpl.invoke(NativeMethodAccessorImpl.java:62)
	at sun.reflect.DelegatingMethodAccessorImpl.invoke(DelegatingMethodAccessorImpl.java:43)
	at java.lang.reflect.Method.invoke(Method.java:498)
	at org.testng.internal.MethodInvocationHelper.invokeMethod(MethodInvocationHelper.java:124)
	at org.testng.internal.MethodInvocationHelper$1.runTestMethod(MethodInvocationHelper.java:230)
	at org.springframework.test.context.testng.AbstractTestNGSpringContextTests.run(AbstractTestNGSpringContextTests.java:175)
	at org.testng.internal.MethodInvocationHelper.invokeHookable(MethodInvocationHelper.java:242)
	at org.testng.internal.Invoker.invokeMethod(Invoker.java:579)
	at org.testng.internal.Invoker.invokeTestMethod(Invoker.java:719)
	at org.testng.internal.Invoker.invokeTestMethods(Invoker.java:989)
	at org.testng.internal.TestMethodWorker.invokeTestMethods(TestMethodWorker.java:125)
	at org.testng.internal.TestMethodWorker.run(TestMethodWorker.java:109)
	at org.testng.TestRunner.privateRun(TestRunner.java:648)
	at org.testng.TestRunner.run(TestRunner.java:505)
	at org.testng.SuiteRunner.runTest(SuiteRunner.java:455)
	at org.testng.SuiteRunner.runSequentially(SuiteRunner.java:450)
	at org.testng.SuiteRunner.privateRun(SuiteRunner.java:415)
	at org.testng.SuiteRunner.run(SuiteRunner.java:364)
	at org.testng.SuiteRunnerWorker.runSuite(SuiteRunnerWorker.java:52)
	at org.testng.SuiteRunnerWorker.run(SuiteRunnerWorker.java:84)
	at org.testng.TestNG.runSuitesSequentially(TestNG.java:1208)
	at org.testng.TestNG.runSuitesSequentially(TestNG.java:1204)
	at org.testng.TestNG.runSuitesLocally(TestNG.java:1137)
	at org.testng.TestNG.runSuites(TestNG.java:1049)
	at org.testng.TestNG.run(TestNG.java:1017)
	at org.testng.remote.AbstractRemoteTestNG.run(AbstractRemoteTestNG.java:115)
	at org.testng.remote.RemoteTestNG.initAndRun(RemoteTestNG.java:251)
	at org.testng.remote.RemoteTestNG.main(RemoteTestNG.java:77)
</pre></div></td>
<td>0</td>
<td>vi_khang.AbstractDaoImplTest@6221b13b</td></tr>
<tr>
<td title='vi_khang.AbstractDaoImplTest.update_exceptionTest()'><b>update_exceptionTest</b><br>Test class: vi_khang.AbstractDaoImplTest</td>
<td><div><pre>java.lang.IllegalArgumentException: attempt to create saveOrUpdate event with null entity
	at org.hibernate.event.spi.SaveOrUpdateEvent.&lt;init&gt;(SaveOrUpdateEvent.java:62)
	at org.hibernate.event.spi.SaveOrUpdateEvent.&lt;init&gt;(SaveOrUpdateEvent.java:45)
	at org.hibernate.internal.SessionImpl.update(SessionImpl.java:731)
	at org.hibernate.internal.SessionImpl.update(SessionImpl.java:726)
	at com.connectnow.dao.impl.AbstractDaoImpl.update(AbstractDaoImpl.java:141)
	at vi_khang.AbstractDaoImplTest.update_exceptionTest(AbstractDaoImplTest.java:127)
	at org.springframework.test.context.testng.AbstractTestNGSpringContextTests.run(AbstractTestNGSpringContextTests.java:175)
... Removed 28 stack frames</pre></div><a href='#' onClick='toggleBox("stack-trace1380629609", this, "Click to show all stack frames", "Click to hide stack frames")'>Click to show all stack frames</a>
<div class='stack-trace' id='stack-trace1380629609'><pre>java.lang.IllegalArgumentException: attempt to create saveOrUpdate event with null entity
	at org.hibernate.event.spi.SaveOrUpdateEvent.&lt;init&gt;(SaveOrUpdateEvent.java:62)
	at org.hibernate.event.spi.SaveOrUpdateEvent.&lt;init&gt;(SaveOrUpdateEvent.java:45)
	at org.hibernate.internal.SessionImpl.update(SessionImpl.java:731)
	at org.hibernate.internal.SessionImpl.update(SessionImpl.java:726)
	at com.connectnow.dao.impl.AbstractDaoImpl.update(AbstractDaoImpl.java:141)
	at vi_khang.AbstractDaoImplTest.update_exceptionTest(AbstractDaoImplTest.java:127)
	at sun.reflect.NativeMethodAccessorImpl.invoke0(Native Method)
	at sun.reflect.NativeMethodAccessorImpl.invoke(NativeMethodAccessorImpl.java:62)
	at sun.reflect.DelegatingMethodAccessorImpl.invoke(DelegatingMethodAccessorImpl.java:43)
	at java.lang.reflect.Method.invoke(Method.java:498)
	at org.testng.internal.MethodInvocationHelper.invokeMethod(MethodInvocationHelper.java:124)
	at org.testng.internal.MethodInvocationHelper$1.runTestMethod(MethodInvocationHelper.java:230)
	at org.springframework.test.context.testng.AbstractTestNGSpringContextTests.run(AbstractTestNGSpringContextTests.java:175)
	at org.testng.internal.MethodInvocationHelper.invokeHookable(MethodInvocationHelper.java:242)
	at org.testng.internal.Invoker.invokeMethod(Invoker.java:579)
	at org.testng.internal.Invoker.invokeTestMethod(Invoker.java:719)
	at org.testng.internal.Invoker.invokeTestMethods(Invoker.java:989)
	at org.testng.internal.TestMethodWorker.invokeTestMethods(TestMethodWorker.java:125)
	at org.testng.internal.TestMethodWorker.run(TestMethodWorker.java:109)
	at org.testng.TestRunner.privateRun(TestRunner.java:648)
	at org.testng.TestRunner.run(TestRunner.java:505)
	at org.testng.SuiteRunner.runTest(SuiteRunner.java:455)
	at org.testng.SuiteRunner.runSequentially(SuiteRunner.java:450)
	at org.testng.SuiteRunner.privateRun(SuiteRunner.java:415)
	at org.testng.SuiteRunner.run(SuiteRunner.java:364)
	at org.testng.SuiteRunnerWorker.runSuite(SuiteRunnerWorker.java:52)
	at org.testng.SuiteRunnerWorker.run(SuiteRunnerWorker.java:84)
	at org.testng.TestNG.runSuitesSequentially(TestNG.java:1208)
	at org.testng.TestNG.runSuitesSequentially(TestNG.java:1204)
	at org.testng.TestNG.runSuitesLocally(TestNG.java:1137)
	at org.testng.TestNG.runSuites(TestNG.java:1049)
	at org.testng.TestNG.run(TestNG.java:1017)
	at org.testng.remote.AbstractRemoteTestNG.run(AbstractRemoteTestNG.java:115)
	at org.testng.remote.RemoteTestNG.initAndRun(RemoteTestNG.java:251)
	at org.testng.remote.RemoteTestNG.main(RemoteTestNG.java:77)
</pre></div></td>
<td>0</td>
<td>vi_khang.AbstractDaoImplTest@6221b13b</td></tr>
</table><p>
</body>
</html>