<?xml version="1.0" encoding="UTF-8"?>
<testng-results skipped="0" failed="0" ignored="0" total="22" passed="22">
  <reporter-output>
  </reporter-output>
  <suite name="Tran Vi Khang" duration-ms="12425" started-at="2019-06-26T14:23:39Z" finished-at="2019-06-26T14:23:51Z">
    <groups>
    </groups>
    <test name="abstract-dao-test" duration-ms="7260" started-at="2019-06-26T14:23:39Z" finished-at="2019-06-26T14:23:46Z">
      <class name="vi_khang.AbstractDaoImplTest">
        <test-method status="PASS" signature="springTestContextBeforeTestClass()[pri:0, instance:vi_khang.AbstractDaoImplTest@5e180aaf]" name="springTestContextBeforeTestClass" is-config="true" duration-ms="30" started-at="2019-06-26T14:23:39Z" finished-at="2019-06-26T14:23:39Z">
          <reporter-output>
          </reporter-output>
        </test-method> <!-- springTestContextBeforeTestClass -->
        <test-method status="PASS" signature="springTestContextPrepareTestInstance()[pri:0, instance:vi_khang.AbstractDaoImplTest@5e180aaf]" name="springTestContextPrepareTestInstance" is-config="true" duration-ms="6495" started-at="2019-06-26T14:23:39Z" depends-on-methods="org.springframework.test.context.testng.AbstractTestNGSpringContextTests.springTestContextBeforeTestClass" finished-at="2019-06-26T14:23:45Z">
          <reporter-output>
          </reporter-output>
        </test-method> <!-- springTestContextPrepareTestInstance -->
        <test-method status="PASS" signature="springTestContextBeforeTestMethod(java.lang.reflect.Method)[pri:0, instance:vi_khang.AbstractDaoImplTest@5e180aaf]" name="springTestContextBeforeTestMethod" is-config="true" duration-ms="3" started-at="2019-06-26T14:23:45Z" finished-at="2019-06-26T14:23:45Z">
          <params>
            <param index="0">
              <value>
                <![CDATA[public void vi_khang.AbstractDaoImplTest.findAllTest()]]>
              </value>
            </param>
          </params>
          <reporter-output>
          </reporter-output>
        </test-method> <!-- springTestContextBeforeTestMethod -->
        <test-method status="PASS" signature="findAllTest()[pri:0, instance:vi_khang.AbstractDaoImplTest@5e180aaf]" name="findAllTest" duration-ms="291" started-at="2019-06-26T14:23:45Z" finished-at="2019-06-26T14:23:46Z">
          <reporter-output>
          </reporter-output>
        </test-method> <!-- findAllTest -->
        <test-method status="PASS" signature="springTestContextAfterTestMethod(java.lang.reflect.Method)[pri:0, instance:vi_khang.AbstractDaoImplTest@5e180aaf]" name="springTestContextAfterTestMethod" is-config="true" duration-ms="1" started-at="2019-06-26T14:23:46Z" finished-at="2019-06-26T14:23:46Z">
          <params>
            <param index="0">
              <value>
                <![CDATA[public void vi_khang.AbstractDaoImplTest.findAllTest()]]>
              </value>
            </param>
          </params>
          <reporter-output>
          </reporter-output>
        </test-method> <!-- springTestContextAfterTestMethod -->
        <test-method status="PASS" signature="springTestContextBeforeTestMethod(java.lang.reflect.Method)[pri:0, instance:vi_khang.AbstractDaoImplTest@5e180aaf]" name="springTestContextBeforeTestMethod" is-config="true" duration-ms="2" started-at="2019-06-26T14:23:46Z" finished-at="2019-06-26T14:23:46Z">
          <params>
            <param index="0">
              <value>
                <![CDATA[public void vi_khang.AbstractDaoImplTest.findAll_pageableTest()]]>
              </value>
            </param>
          </params>
          <reporter-output>
          </reporter-output>
        </test-method> <!-- springTestContextBeforeTestMethod -->
        <test-method status="PASS" signature="findAll_pageableTest()[pri:1, instance:vi_khang.AbstractDaoImplTest@5e180aaf]" name="findAll_pageableTest" duration-ms="10" started-at="2019-06-26T14:23:46Z" finished-at="2019-06-26T14:23:46Z">
          <reporter-output>
          </reporter-output>
        </test-method> <!-- findAll_pageableTest -->
        <test-method status="PASS" signature="springTestContextAfterTestMethod(java.lang.reflect.Method)[pri:0, instance:vi_khang.AbstractDaoImplTest@5e180aaf]" name="springTestContextAfterTestMethod" is-config="true" duration-ms="1" started-at="2019-06-26T14:23:46Z" finished-at="2019-06-26T14:23:46Z">
          <params>
            <param index="0">
              <value>
                <![CDATA[public void vi_khang.AbstractDaoImplTest.findAll_pageableTest()]]>
              </value>
            </param>
          </params>
          <reporter-output>
          </reporter-output>
        </test-method> <!-- springTestContextAfterTestMethod -->
        <test-method status="PASS" signature="springTestContextBeforeTestMethod(java.lang.reflect.Method)[pri:0, instance:vi_khang.AbstractDaoImplTest@5e180aaf]" name="springTestContextBeforeTestMethod" is-config="true" duration-ms="1" started-at="2019-06-26T14:23:46Z" finished-at="2019-06-26T14:23:46Z">
          <params>
            <param index="0">
              <value>
                <![CDATA[public void vi_khang.AbstractDaoImplTest.findOneByIdTest()]]>
              </value>
            </param>
          </params>
          <reporter-output>
          </reporter-output>
        </test-method> <!-- springTestContextBeforeTestMethod -->
        <test-method status="PASS" signature="findOneByIdTest()[pri:2, instance:vi_khang.AbstractDaoImplTest@5e180aaf]" name="findOneByIdTest" duration-ms="14" started-at="2019-06-26T14:23:46Z" finished-at="2019-06-26T14:23:46Z">
          <reporter-output>
          </reporter-output>
        </test-method> <!-- findOneByIdTest -->
        <test-method status="PASS" signature="springTestContextAfterTestMethod(java.lang.reflect.Method)[pri:0, instance:vi_khang.AbstractDaoImplTest@5e180aaf]" name="springTestContextAfterTestMethod" is-config="true" duration-ms="1" started-at="2019-06-26T14:23:46Z" finished-at="2019-06-26T14:23:46Z">
          <params>
            <param index="0">
              <value>
                <![CDATA[public void vi_khang.AbstractDaoImplTest.findOneByIdTest()]]>
              </value>
            </param>
          </params>
          <reporter-output>
          </reporter-output>
        </test-method> <!-- springTestContextAfterTestMethod -->
        <test-method status="PASS" signature="springTestContextBeforeTestMethod(java.lang.reflect.Method)[pri:0, instance:vi_khang.AbstractDaoImplTest@5e180aaf]" name="springTestContextBeforeTestMethod" is-config="true" duration-ms="1" started-at="2019-06-26T14:23:46Z" finished-at="2019-06-26T14:23:46Z">
          <params>
            <param index="0">
              <value>
                <![CDATA[public void vi_khang.AbstractDaoImplTest.findAllByPropertiesTest()]]>
              </value>
            </param>
          </params>
          <reporter-output>
          </reporter-output>
        </test-method> <!-- springTestContextBeforeTestMethod -->
        <test-method status="PASS" signature="findAllByPropertiesTest()[pri:3, instance:vi_khang.AbstractDaoImplTest@5e180aaf]" name="findAllByPropertiesTest" duration-ms="14" started-at="2019-06-26T14:23:46Z" finished-at="2019-06-26T14:23:46Z">
          <reporter-output>
          </reporter-output>
        </test-method> <!-- findAllByPropertiesTest -->
        <test-method status="PASS" signature="springTestContextAfterTestMethod(java.lang.reflect.Method)[pri:0, instance:vi_khang.AbstractDaoImplTest@5e180aaf]" name="springTestContextAfterTestMethod" is-config="true" duration-ms="0" started-at="2019-06-26T14:23:46Z" finished-at="2019-06-26T14:23:46Z">
          <params>
            <param index="0">
              <value>
                <![CDATA[public void vi_khang.AbstractDaoImplTest.findAllByPropertiesTest()]]>
              </value>
            </param>
          </params>
          <reporter-output>
          </reporter-output>
        </test-method> <!-- springTestContextAfterTestMethod -->
        <test-method status="PASS" signature="springTestContextBeforeTestMethod(java.lang.reflect.Method)[pri:0, instance:vi_khang.AbstractDaoImplTest@5e180aaf]" name="springTestContextBeforeTestMethod" is-config="true" duration-ms="1" started-at="2019-06-26T14:23:46Z" finished-at="2019-06-26T14:23:46Z">
          <params>
            <param index="0">
              <value>
                <![CDATA[public void vi_khang.AbstractDaoImplTest.findAllByProperties_exceptionTest()]]>
              </value>
            </param>
          </params>
          <reporter-output>
          </reporter-output>
        </test-method> <!-- springTestContextBeforeTestMethod -->
        <test-method status="PASS" signature="findAllByProperties_exceptionTest()[pri:4, instance:vi_khang.AbstractDaoImplTest@5e180aaf]" name="findAllByProperties_exceptionTest" duration-ms="3" started-at="2019-06-26T14:23:46Z" finished-at="2019-06-26T14:23:46Z">
          <exception class="org.hibernate.QueryException">
            <message>
              <![CDATA[could not resolve property: abcxyz of: com.connectnow.entity.ChatBoxEntity]]>
            </message>
            <full-stacktrace>
              <![CDATA[org.hibernate.QueryException: could not resolve property: abcxyz of: com.connectnow.entity.ChatBoxEntity
at org.hibernate.persister.entity.AbstractPropertyMapping.propertyException(AbstractPropertyMapping.java:83)
at org.hibernate.persister.entity.AbstractPropertyMapping.toType(AbstractPropertyMapping.java:77)
at org.hibernate.persister.entity.AbstractEntityPersister.getSubclassPropertyTableNumber(AbstractEntityPersister.java:1995)
at org.hibernate.persister.entity.BasicEntityPropertyMapping.toColumns(BasicEntityPropertyMapping.java:61)
at org.hibernate.persister.entity.AbstractEntityPersister.toColumns(AbstractEntityPersister.java:1970)
at org.hibernate.loader.criteria.CriteriaQueryTranslator.getColumns(CriteriaQueryTranslator.java:518)
at org.hibernate.loader.criteria.CriteriaQueryTranslator.findColumns(CriteriaQueryTranslator.java:534)
at org.hibernate.criterion.SimpleExpression.toSqlString(SimpleExpression.java:83)
at org.hibernate.loader.criteria.CriteriaQueryTranslator.getWhereCondition(CriteriaQueryTranslator.java:417)
at org.hibernate.loader.criteria.CriteriaJoinWalker.<init>(CriteriaJoinWalker.java:123)
at org.hibernate.loader.criteria.CriteriaJoinWalker.<init>(CriteriaJoinWalker.java:92)
at org.hibernate.loader.criteria.CriteriaLoader.<init>(CriteriaLoader.java:97)
at org.hibernate.internal.SessionImpl.list(SessionImpl.java:1699)
at org.hibernate.internal.CriteriaImpl.list(CriteriaImpl.java:380)
at com.connectnow.dao.impl.AbstractDaoImpl.findAllByProperties(AbstractDaoImpl.java:85)
at vi_khang.AbstractDaoImplTest.findAllByProperties_exceptionTest(AbstractDaoImplTest.java:79)
at sun.reflect.NativeMethodAccessorImpl.invoke0(Native Method)
at sun.reflect.NativeMethodAccessorImpl.invoke(NativeMethodAccessorImpl.java:62)
at sun.reflect.DelegatingMethodAccessorImpl.invoke(DelegatingMethodAccessorImpl.java:43)
at java.lang.reflect.Method.invoke(Method.java:498)
at org.testng.internal.MethodInvocationHelper.invokeMethod(MethodInvocationHelper.java:124)
at org.testng.internal.MethodInvocationHelper$1.runTestMethod(MethodInvocationHelper.java:230)
at org.springframework.test.context.testng.AbstractTestNGSpringContextTests.run(AbstractTestNGSpringContextTests.java:175)
at org.testng.internal.MethodInvocationHelper.invokeHookable(MethodInvocationHelper.java:242)
at org.testng.internal.Invoker.invokeMethod(Invoker.java:579)
at org.testng.internal.Invoker.invokeTestMethod(Invoker.java:719)
at org.testng.internal.Invoker.invokeTestMethods(Invoker.java:989)
at org.testng.internal.TestMethodWorker.invokeTestMethods(TestMethodWorker.java:125)
at org.testng.internal.TestMethodWorker.run(TestMethodWorker.java:109)
at org.testng.TestRunner.privateRun(TestRunner.java:648)
at org.testng.TestRunner.run(TestRunner.java:505)
at org.testng.SuiteRunner.runTest(SuiteRunner.java:455)
at org.testng.SuiteRunner.runSequentially(SuiteRunner.java:450)
at org.testng.SuiteRunner.privateRun(SuiteRunner.java:415)
at org.testng.SuiteRunner.run(SuiteRunner.java:364)
at org.testng.SuiteRunnerWorker.runSuite(SuiteRunnerWorker.java:52)
at org.testng.SuiteRunnerWorker.run(SuiteRunnerWorker.java:84)
at org.testng.TestNG.runSuitesSequentially(TestNG.java:1208)
at org.testng.TestNG.runSuitesLocally(TestNG.java:1137)
at org.testng.TestNG.runSuites(TestNG.java:1049)
at org.testng.TestNG.run(TestNG.java:1017)
at org.testng.remote.AbstractRemoteTestNG.run(AbstractRemoteTestNG.java:115)
at org.testng.remote.RemoteTestNG.initAndRun(RemoteTestNG.java:251)
at org.testng.remote.RemoteTestNG.main(RemoteTestNG.java:77)
]]>
            </full-stacktrace>
          </exception> <!-- org.hibernate.QueryException -->
          <reporter-output>
          </reporter-output>
        </test-method> <!-- findAllByProperties_exceptionTest -->
        <test-method status="PASS" signature="springTestContextAfterTestMethod(java.lang.reflect.Method)[pri:0, instance:vi_khang.AbstractDaoImplTest@5e180aaf]" name="springTestContextAfterTestMethod" is-config="true" duration-ms="1" started-at="2019-06-26T14:23:46Z" finished-at="2019-06-26T14:23:46Z">
          <params>
            <param index="0">
              <value>
                <![CDATA[public void vi_khang.AbstractDaoImplTest.findAllByProperties_exceptionTest()]]>
              </value>
            </param>
          </params>
          <reporter-output>
          </reporter-output>
        </test-method> <!-- springTestContextAfterTestMethod -->
        <test-method status="PASS" signature="springTestContextBeforeTestMethod(java.lang.reflect.Method)[pri:0, instance:vi_khang.AbstractDaoImplTest@5e180aaf]" name="springTestContextBeforeTestMethod" is-config="true" duration-ms="1" started-at="2019-06-26T14:23:46Z" finished-at="2019-06-26T14:23:46Z">
          <params>
            <param index="0">
              <value>
                <![CDATA[public void vi_khang.AbstractDaoImplTest.findOneByPropertiesTest()]]>
              </value>
            </param>
          </params>
          <reporter-output>
          </reporter-output>
        </test-method> <!-- springTestContextBeforeTestMethod -->
        <test-method status="PASS" signature="findOneByPropertiesTest()[pri:5, instance:vi_khang.AbstractDaoImplTest@5e180aaf]" name="findOneByPropertiesTest" duration-ms="8" started-at="2019-06-26T14:23:46Z" finished-at="2019-06-26T14:23:46Z">
          <reporter-output>
          </reporter-output>
        </test-method> <!-- findOneByPropertiesTest -->
        <test-method status="PASS" signature="springTestContextAfterTestMethod(java.lang.reflect.Method)[pri:0, instance:vi_khang.AbstractDaoImplTest@5e180aaf]" name="springTestContextAfterTestMethod" is-config="true" duration-ms="1" started-at="2019-06-26T14:23:46Z" finished-at="2019-06-26T14:23:46Z">
          <params>
            <param index="0">
              <value>
                <![CDATA[public void vi_khang.AbstractDaoImplTest.findOneByPropertiesTest()]]>
              </value>
            </param>
          </params>
          <reporter-output>
          </reporter-output>
        </test-method> <!-- springTestContextAfterTestMethod -->
        <test-method status="PASS" signature="springTestContextBeforeTestMethod(java.lang.reflect.Method)[pri:0, instance:vi_khang.AbstractDaoImplTest@5e180aaf]" name="springTestContextBeforeTestMethod" is-config="true" duration-ms="1" started-at="2019-06-26T14:23:46Z" finished-at="2019-06-26T14:23:46Z">
          <params>
            <param index="0">
              <value>
                <![CDATA[public void vi_khang.AbstractDaoImplTest.findOneByProperties_exceptionTest()]]>
              </value>
            </param>
          </params>
          <reporter-output>
          </reporter-output>
        </test-method> <!-- springTestContextBeforeTestMethod -->
        <test-method status="PASS" signature="findOneByProperties_exceptionTest()[pri:6, instance:vi_khang.AbstractDaoImplTest@5e180aaf]" name="findOneByProperties_exceptionTest" duration-ms="2" started-at="2019-06-26T14:23:46Z" finished-at="2019-06-26T14:23:46Z">
          <exception class="org.hibernate.QueryException">
            <message>
              <![CDATA[could not resolve property: abcxyz of: com.connectnow.entity.ChatBoxEntity]]>
            </message>
            <full-stacktrace>
              <![CDATA[org.hibernate.QueryException: could not resolve property: abcxyz of: com.connectnow.entity.ChatBoxEntity
at org.hibernate.persister.entity.AbstractPropertyMapping.propertyException(AbstractPropertyMapping.java:83)
at org.hibernate.persister.entity.AbstractPropertyMapping.toType(AbstractPropertyMapping.java:77)
at org.hibernate.persister.entity.AbstractEntityPersister.getSubclassPropertyTableNumber(AbstractEntityPersister.java:1995)
at org.hibernate.persister.entity.BasicEntityPropertyMapping.toColumns(BasicEntityPropertyMapping.java:61)
at org.hibernate.persister.entity.AbstractEntityPersister.toColumns(AbstractEntityPersister.java:1970)
at org.hibernate.loader.criteria.CriteriaQueryTranslator.getColumns(CriteriaQueryTranslator.java:518)
at org.hibernate.loader.criteria.CriteriaQueryTranslator.findColumns(CriteriaQueryTranslator.java:534)
at org.hibernate.criterion.SimpleExpression.toSqlString(SimpleExpression.java:83)
at org.hibernate.loader.criteria.CriteriaQueryTranslator.getWhereCondition(CriteriaQueryTranslator.java:417)
at org.hibernate.loader.criteria.CriteriaJoinWalker.<init>(CriteriaJoinWalker.java:123)
at org.hibernate.loader.criteria.CriteriaJoinWalker.<init>(CriteriaJoinWalker.java:92)
at org.hibernate.loader.criteria.CriteriaLoader.<init>(CriteriaLoader.java:97)
at org.hibernate.internal.SessionImpl.list(SessionImpl.java:1699)
at org.hibernate.internal.CriteriaImpl.list(CriteriaImpl.java:380)
at org.hibernate.internal.CriteriaImpl.uniqueResult(CriteriaImpl.java:402)
at com.connectnow.dao.impl.AbstractDaoImpl.findOneByProperties(AbstractDaoImpl.java:107)
at vi_khang.AbstractDaoImplTest.findOneByProperties_exceptionTest(AbstractDaoImplTest.java:96)
at sun.reflect.NativeMethodAccessorImpl.invoke0(Native Method)
at sun.reflect.NativeMethodAccessorImpl.invoke(NativeMethodAccessorImpl.java:62)
at sun.reflect.DelegatingMethodAccessorImpl.invoke(DelegatingMethodAccessorImpl.java:43)
at java.lang.reflect.Method.invoke(Method.java:498)
at org.testng.internal.MethodInvocationHelper.invokeMethod(MethodInvocationHelper.java:124)
at org.testng.internal.MethodInvocationHelper$1.runTestMethod(MethodInvocationHelper.java:230)
at org.springframework.test.context.testng.AbstractTestNGSpringContextTests.run(AbstractTestNGSpringContextTests.java:175)
at org.testng.internal.MethodInvocationHelper.invokeHookable(MethodInvocationHelper.java:242)
at org.testng.internal.Invoker.invokeMethod(Invoker.java:579)
at org.testng.internal.Invoker.invokeTestMethod(Invoker.java:719)
at org.testng.internal.Invoker.invokeTestMethods(Invoker.java:989)
at org.testng.internal.TestMethodWorker.invokeTestMethods(TestMethodWorker.java:125)
at org.testng.internal.TestMethodWorker.run(TestMethodWorker.java:109)
at org.testng.TestRunner.privateRun(TestRunner.java:648)
at org.testng.TestRunner.run(TestRunner.java:505)
at org.testng.SuiteRunner.runTest(SuiteRunner.java:455)
at org.testng.SuiteRunner.runSequentially(SuiteRunner.java:450)
at org.testng.SuiteRunner.privateRun(SuiteRunner.java:415)
at org.testng.SuiteRunner.run(SuiteRunner.java:364)
at org.testng.SuiteRunnerWorker.runSuite(SuiteRunnerWorker.java:52)
at org.testng.SuiteRunnerWorker.run(SuiteRunnerWorker.java:84)
at org.testng.TestNG.runSuitesSequentially(TestNG.java:1208)
at org.testng.TestNG.runSuitesLocally(TestNG.java:1137)
at org.testng.TestNG.runSuites(TestNG.java:1049)
at org.testng.TestNG.run(TestNG.java:1017)
at org.testng.remote.AbstractRemoteTestNG.run(AbstractRemoteTestNG.java:115)
at org.testng.remote.RemoteTestNG.initAndRun(RemoteTestNG.java:251)
at org.testng.remote.RemoteTestNG.main(RemoteTestNG.java:77)
]]>
            </full-stacktrace>
          </exception> <!-- org.hibernate.QueryException -->
          <reporter-output>
          </reporter-output>
        </test-method> <!-- findOneByProperties_exceptionTest -->
        <test-method status="PASS" signature="springTestContextAfterTestMethod(java.lang.reflect.Method)[pri:0, instance:vi_khang.AbstractDaoImplTest@5e180aaf]" name="springTestContextAfterTestMethod" is-config="true" duration-ms="0" started-at="2019-06-26T14:23:46Z" finished-at="2019-06-26T14:23:46Z">
          <params>
            <param index="0">
              <value>
                <![CDATA[public void vi_khang.AbstractDaoImplTest.findOneByProperties_exceptionTest()]]>
              </value>
            </param>
          </params>
          <reporter-output>
          </reporter-output>
        </test-method> <!-- springTestContextAfterTestMethod -->
        <test-method status="PASS" signature="springTestContextBeforeTestMethod(java.lang.reflect.Method)[pri:0, instance:vi_khang.AbstractDaoImplTest@5e180aaf]" name="springTestContextBeforeTestMethod" is-config="true" duration-ms="0" started-at="2019-06-26T14:23:46Z" finished-at="2019-06-26T14:23:46Z">
          <params>
            <param index="0">
              <value>
                <![CDATA[public void vi_khang.AbstractDaoImplTest.saveTest() throws java.lang.Exception]]>
              </value>
            </param>
          </params>
          <reporter-output>
          </reporter-output>
        </test-method> <!-- springTestContextBeforeTestMethod -->
        <test-method status="PASS" signature="saveTest()[pri:7, instance:vi_khang.AbstractDaoImplTest@5e180aaf]" name="saveTest" duration-ms="120" started-at="2019-06-26T14:23:46Z" finished-at="2019-06-26T14:23:46Z">
          <reporter-output>
          </reporter-output>
        </test-method> <!-- saveTest -->
        <test-method status="PASS" signature="springTestContextAfterTestMethod(java.lang.reflect.Method)[pri:0, instance:vi_khang.AbstractDaoImplTest@5e180aaf]" name="springTestContextAfterTestMethod" is-config="true" duration-ms="0" started-at="2019-06-26T14:23:46Z" finished-at="2019-06-26T14:23:46Z">
          <params>
            <param index="0">
              <value>
                <![CDATA[public void vi_khang.AbstractDaoImplTest.saveTest() throws java.lang.Exception]]>
              </value>
            </param>
          </params>
          <reporter-output>
          </reporter-output>
        </test-method> <!-- springTestContextAfterTestMethod -->
        <test-method status="PASS" signature="springTestContextBeforeTestMethod(java.lang.reflect.Method)[pri:0, instance:vi_khang.AbstractDaoImplTest@5e180aaf]" name="springTestContextBeforeTestMethod" is-config="true" duration-ms="1" started-at="2019-06-26T14:23:46Z" finished-at="2019-06-26T14:23:46Z">
          <params>
            <param index="0">
              <value>
                <![CDATA[public void vi_khang.AbstractDaoImplTest.save_exceptionTest() throws java.lang.Exception]]>
              </value>
            </param>
          </params>
          <reporter-output>
          </reporter-output>
        </test-method> <!-- springTestContextBeforeTestMethod -->
        <test-method status="PASS" signature="save_exceptionTest()[pri:8, instance:vi_khang.AbstractDaoImplTest@5e180aaf]" name="save_exceptionTest" duration-ms="4" started-at="2019-06-26T14:23:46Z" finished-at="2019-06-26T14:23:46Z">
          <exception class="java.lang.IllegalArgumentException">
            <message>
              <![CDATA[attempt to create saveOrUpdate event with null entity]]>
            </message>
            <full-stacktrace>
              <![CDATA[java.lang.IllegalArgumentException: attempt to create saveOrUpdate event with null entity
at org.hibernate.event.spi.SaveOrUpdateEvent.<init>(SaveOrUpdateEvent.java:62)
at org.hibernate.event.spi.SaveOrUpdateEvent.<init>(SaveOrUpdateEvent.java:45)
at org.hibernate.internal.SessionImpl.save(SessionImpl.java:707)
at org.hibernate.internal.SessionImpl.save(SessionImpl.java:702)
at com.connectnow.dao.impl.AbstractDaoImpl.save(AbstractDaoImpl.java:123)
at vi_khang.AbstractDaoImplTest.save_exceptionTest(AbstractDaoImplTest.java:113)
at sun.reflect.NativeMethodAccessorImpl.invoke0(Native Method)
at sun.reflect.NativeMethodAccessorImpl.invoke(NativeMethodAccessorImpl.java:62)
at sun.reflect.DelegatingMethodAccessorImpl.invoke(DelegatingMethodAccessorImpl.java:43)
at java.lang.reflect.Method.invoke(Method.java:498)
at org.testng.internal.MethodInvocationHelper.invokeMethod(MethodInvocationHelper.java:124)
at org.testng.internal.MethodInvocationHelper$1.runTestMethod(MethodInvocationHelper.java:230)
at org.springframework.test.context.testng.AbstractTestNGSpringContextTests.run(AbstractTestNGSpringContextTests.java:175)
at org.testng.internal.MethodInvocationHelper.invokeHookable(MethodInvocationHelper.java:242)
at org.testng.internal.Invoker.invokeMethod(Invoker.java:579)
at org.testng.internal.Invoker.invokeTestMethod(Invoker.java:719)
at org.testng.internal.Invoker.invokeTestMethods(Invoker.java:989)
at org.testng.internal.TestMethodWorker.invokeTestMethods(TestMethodWorker.java:125)
at org.testng.internal.TestMethodWorker.run(TestMethodWorker.java:109)
at org.testng.TestRunner.privateRun(TestRunner.java:648)
at org.testng.TestRunner.run(TestRunner.java:505)
at org.testng.SuiteRunner.runTest(SuiteRunner.java:455)
at org.testng.SuiteRunner.runSequentially(SuiteRunner.java:450)
at org.testng.SuiteRunner.privateRun(SuiteRunner.java:415)
at org.testng.SuiteRunner.run(SuiteRunner.java:364)
at org.testng.SuiteRunnerWorker.runSuite(SuiteRunnerWorker.java:52)
at org.testng.SuiteRunnerWorker.run(SuiteRunnerWorker.java:84)
at org.testng.TestNG.runSuitesSequentially(TestNG.java:1208)
at org.testng.TestNG.runSuitesLocally(TestNG.java:1137)
at org.testng.TestNG.runSuites(TestNG.java:1049)
at org.testng.TestNG.run(TestNG.java:1017)
at org.testng.remote.AbstractRemoteTestNG.run(AbstractRemoteTestNG.java:115)
at org.testng.remote.RemoteTestNG.initAndRun(RemoteTestNG.java:251)
at org.testng.remote.RemoteTestNG.main(RemoteTestNG.java:77)
]]>
            </full-stacktrace>
          </exception> <!-- java.lang.IllegalArgumentException -->
          <reporter-output>
          </reporter-output>
        </test-method> <!-- save_exceptionTest -->
        <test-method status="PASS" signature="springTestContextAfterTestMethod(java.lang.reflect.Method)[pri:0, instance:vi_khang.AbstractDaoImplTest@5e180aaf]" name="springTestContextAfterTestMethod" is-config="true" duration-ms="0" started-at="2019-06-26T14:23:46Z" finished-at="2019-06-26T14:23:46Z">
          <params>
            <param index="0">
              <value>
                <![CDATA[public void vi_khang.AbstractDaoImplTest.save_exceptionTest() throws java.lang.Exception]]>
              </value>
            </param>
          </params>
          <reporter-output>
          </reporter-output>
        </test-method> <!-- springTestContextAfterTestMethod -->
        <test-method status="PASS" signature="springTestContextBeforeTestMethod(java.lang.reflect.Method)[pri:0, instance:vi_khang.AbstractDaoImplTest@5e180aaf]" name="springTestContextBeforeTestMethod" is-config="true" duration-ms="1" started-at="2019-06-26T14:23:46Z" finished-at="2019-06-26T14:23:46Z">
          <params>
            <param index="0">
              <value>
                <![CDATA[public void vi_khang.AbstractDaoImplTest.updateTest() throws java.lang.Exception]]>
              </value>
            </param>
          </params>
          <reporter-output>
          </reporter-output>
        </test-method> <!-- springTestContextBeforeTestMethod -->
        <test-method status="PASS" signature="updateTest()[pri:9, instance:vi_khang.AbstractDaoImplTest@5e180aaf]" name="updateTest" duration-ms="43" started-at="2019-06-26T14:23:46Z" finished-at="2019-06-26T14:23:46Z">
          <reporter-output>
          </reporter-output>
        </test-method> <!-- updateTest -->
        <test-method status="PASS" signature="springTestContextAfterTestMethod(java.lang.reflect.Method)[pri:0, instance:vi_khang.AbstractDaoImplTest@5e180aaf]" name="springTestContextAfterTestMethod" is-config="true" duration-ms="1" started-at="2019-06-26T14:23:46Z" finished-at="2019-06-26T14:23:46Z">
          <params>
            <param index="0">
              <value>
                <![CDATA[public void vi_khang.AbstractDaoImplTest.updateTest() throws java.lang.Exception]]>
              </value>
            </param>
          </params>
          <reporter-output>
          </reporter-output>
        </test-method> <!-- springTestContextAfterTestMethod -->
        <test-method status="PASS" signature="springTestContextBeforeTestMethod(java.lang.reflect.Method)[pri:0, instance:vi_khang.AbstractDaoImplTest@5e180aaf]" name="springTestContextBeforeTestMethod" is-config="true" duration-ms="2" started-at="2019-06-26T14:23:46Z" finished-at="2019-06-26T14:23:46Z">
          <params>
            <param index="0">
              <value>
                <![CDATA[public void vi_khang.AbstractDaoImplTest.update_exceptionTest() throws java.lang.Exception]]>
              </value>
            </param>
          </params>
          <reporter-output>
          </reporter-output>
        </test-method> <!-- springTestContextBeforeTestMethod -->
        <test-method status="PASS" signature="update_exceptionTest()[pri:10, instance:vi_khang.AbstractDaoImplTest@5e180aaf]" name="update_exceptionTest" duration-ms="13" started-at="2019-06-26T14:23:46Z" finished-at="2019-06-26T14:23:46Z">
          <exception class="java.lang.IllegalArgumentException">
            <message>
              <![CDATA[attempt to create saveOrUpdate event with null entity]]>
            </message>
            <full-stacktrace>
              <![CDATA[java.lang.IllegalArgumentException: attempt to create saveOrUpdate event with null entity
at org.hibernate.event.spi.SaveOrUpdateEvent.<init>(SaveOrUpdateEvent.java:62)
at org.hibernate.event.spi.SaveOrUpdateEvent.<init>(SaveOrUpdateEvent.java:45)
at org.hibernate.internal.SessionImpl.update(SessionImpl.java:731)
at org.hibernate.internal.SessionImpl.update(SessionImpl.java:726)
at com.connectnow.dao.impl.AbstractDaoImpl.update(AbstractDaoImpl.java:141)
at vi_khang.AbstractDaoImplTest.update_exceptionTest(AbstractDaoImplTest.java:127)
at sun.reflect.NativeMethodAccessorImpl.invoke0(Native Method)
at sun.reflect.NativeMethodAccessorImpl.invoke(NativeMethodAccessorImpl.java:62)
at sun.reflect.DelegatingMethodAccessorImpl.invoke(DelegatingMethodAccessorImpl.java:43)
at java.lang.reflect.Method.invoke(Method.java:498)
at org.testng.internal.MethodInvocationHelper.invokeMethod(MethodInvocationHelper.java:124)
at org.testng.internal.MethodInvocationHelper$1.runTestMethod(MethodInvocationHelper.java:230)
at org.springframework.test.context.testng.AbstractTestNGSpringContextTests.run(AbstractTestNGSpringContextTests.java:175)
at org.testng.internal.MethodInvocationHelper.invokeHookable(MethodInvocationHelper.java:242)
at org.testng.internal.Invoker.invokeMethod(Invoker.java:579)
at org.testng.internal.Invoker.invokeTestMethod(Invoker.java:719)
at org.testng.internal.Invoker.invokeTestMethods(Invoker.java:989)
at org.testng.internal.TestMethodWorker.invokeTestMethods(TestMethodWorker.java:125)
at org.testng.internal.TestMethodWorker.run(TestMethodWorker.java:109)
at org.testng.TestRunner.privateRun(TestRunner.java:648)
at org.testng.TestRunner.run(TestRunner.java:505)
at org.testng.SuiteRunner.runTest(SuiteRunner.java:455)
at org.testng.SuiteRunner.runSequentially(SuiteRunner.java:450)
at org.testng.SuiteRunner.privateRun(SuiteRunner.java:415)
at org.testng.SuiteRunner.run(SuiteRunner.java:364)
at org.testng.SuiteRunnerWorker.runSuite(SuiteRunnerWorker.java:52)
at org.testng.SuiteRunnerWorker.run(SuiteRunnerWorker.java:84)
at org.testng.TestNG.runSuitesSequentially(TestNG.java:1208)
at org.testng.TestNG.runSuitesLocally(TestNG.java:1137)
at org.testng.TestNG.runSuites(TestNG.java:1049)
at org.testng.TestNG.run(TestNG.java:1017)
at org.testng.remote.AbstractRemoteTestNG.run(AbstractRemoteTestNG.java:115)
at org.testng.remote.RemoteTestNG.initAndRun(RemoteTestNG.java:251)
at org.testng.remote.RemoteTestNG.main(RemoteTestNG.java:77)
]]>
            </full-stacktrace>
          </exception> <!-- java.lang.IllegalArgumentException -->
          <reporter-output>
          </reporter-output>
        </test-method> <!-- update_exceptionTest -->
        <test-method status="PASS" signature="springTestContextAfterTestMethod(java.lang.reflect.Method)[pri:0, instance:vi_khang.AbstractDaoImplTest@5e180aaf]" name="springTestContextAfterTestMethod" is-config="true" duration-ms="0" started-at="2019-06-26T14:23:46Z" finished-at="2019-06-26T14:23:46Z">
          <params>
            <param index="0">
              <value>
                <![CDATA[public void vi_khang.AbstractDaoImplTest.update_exceptionTest() throws java.lang.Exception]]>
              </value>
            </param>
          </params>
          <reporter-output>
          </reporter-output>
        </test-method> <!-- springTestContextAfterTestMethod -->
        <test-method status="PASS" signature="springTestContextBeforeTestMethod(java.lang.reflect.Method)[pri:0, instance:vi_khang.AbstractDaoImplTest@5e180aaf]" name="springTestContextBeforeTestMethod" is-config="true" duration-ms="10" started-at="2019-06-26T14:23:46Z" finished-at="2019-06-26T14:23:46Z">
          <params>
            <param index="0">
              <value>
                <![CDATA[public void vi_khang.AbstractDaoImplTest.update_exception1Test() throws java.lang.Exception]]>
              </value>
            </param>
          </params>
          <reporter-output>
          </reporter-output>
        </test-method> <!-- springTestContextBeforeTestMethod -->
        <test-method status="PASS" signature="update_exception1Test()[pri:11, instance:vi_khang.AbstractDaoImplTest@5e180aaf]" name="update_exception1Test" duration-ms="12" started-at="2019-06-26T14:23:46Z" finished-at="2019-06-26T14:23:46Z">
          <exception class="org.hibernate.TransientObjectException">
            <message>
              <![CDATA[The given object has a null identifier: com.connectnow.entity.ChatBoxEntity]]>
            </message>
            <full-stacktrace>
              <![CDATA[org.hibernate.TransientObjectException: The given object has a null identifier: com.connectnow.entity.ChatBoxEntity
at org.hibernate.event.internal.DefaultSaveOrUpdateEventListener.getUpdateId(DefaultSaveOrUpdateEventListener.java:270)
at org.hibernate.event.internal.DefaultUpdateEventListener.getUpdateId(DefaultUpdateEventListener.java:70)
at org.hibernate.event.internal.DefaultSaveOrUpdateEventListener.entityIsDetached(DefaultSaveOrUpdateEventListener.java:238)
at org.hibernate.event.internal.DefaultUpdateEventListener.performSaveOrUpdate(DefaultUpdateEventListener.java:55)
at org.hibernate.event.internal.DefaultSaveOrUpdateEventListener.onSaveOrUpdate(DefaultSaveOrUpdateEventListener.java:90)
at org.hibernate.internal.SessionImpl.fireUpdate(SessionImpl.java:739)
at org.hibernate.internal.SessionImpl.update(SessionImpl.java:731)
at org.hibernate.internal.SessionImpl.update(SessionImpl.java:726)
at com.connectnow.dao.impl.AbstractDaoImpl.update(AbstractDaoImpl.java:141)
at vi_khang.AbstractDaoImplTest.update_exception1Test(AbstractDaoImplTest.java:133)
at sun.reflect.NativeMethodAccessorImpl.invoke0(Native Method)
at sun.reflect.NativeMethodAccessorImpl.invoke(NativeMethodAccessorImpl.java:62)
at sun.reflect.DelegatingMethodAccessorImpl.invoke(DelegatingMethodAccessorImpl.java:43)
at java.lang.reflect.Method.invoke(Method.java:498)
at org.testng.internal.MethodInvocationHelper.invokeMethod(MethodInvocationHelper.java:124)
at org.testng.internal.MethodInvocationHelper$1.runTestMethod(MethodInvocationHelper.java:230)
at org.springframework.test.context.testng.AbstractTestNGSpringContextTests.run(AbstractTestNGSpringContextTests.java:175)
at org.testng.internal.MethodInvocationHelper.invokeHookable(MethodInvocationHelper.java:242)
at org.testng.internal.Invoker.invokeMethod(Invoker.java:579)
at org.testng.internal.Invoker.invokeTestMethod(Invoker.java:719)
at org.testng.internal.Invoker.invokeTestMethods(Invoker.java:989)
at org.testng.internal.TestMethodWorker.invokeTestMethods(TestMethodWorker.java:125)
at org.testng.internal.TestMethodWorker.run(TestMethodWorker.java:109)
at org.testng.TestRunner.privateRun(TestRunner.java:648)
at org.testng.TestRunner.run(TestRunner.java:505)
at org.testng.SuiteRunner.runTest(SuiteRunner.java:455)
at org.testng.SuiteRunner.runSequentially(SuiteRunner.java:450)
at org.testng.SuiteRunner.privateRun(SuiteRunner.java:415)
at org.testng.SuiteRunner.run(SuiteRunner.java:364)
at org.testng.SuiteRunnerWorker.runSuite(SuiteRunnerWorker.java:52)
at org.testng.SuiteRunnerWorker.run(SuiteRunnerWorker.java:84)
at org.testng.TestNG.runSuitesSequentially(TestNG.java:1208)
at org.testng.TestNG.runSuitesLocally(TestNG.java:1137)
at org.testng.TestNG.runSuites(TestNG.java:1049)
at org.testng.TestNG.run(TestNG.java:1017)
at org.testng.remote.AbstractRemoteTestNG.run(AbstractRemoteTestNG.java:115)
at org.testng.remote.RemoteTestNG.initAndRun(RemoteTestNG.java:251)
at org.testng.remote.RemoteTestNG.main(RemoteTestNG.java:77)
]]>
            </full-stacktrace>
          </exception> <!-- org.hibernate.TransientObjectException -->
          <reporter-output>
          </reporter-output>
        </test-method> <!-- update_exception1Test -->
        <test-method status="PASS" signature="springTestContextAfterTestMethod(java.lang.reflect.Method)[pri:0, instance:vi_khang.AbstractDaoImplTest@5e180aaf]" name="springTestContextAfterTestMethod" is-config="true" duration-ms="1" started-at="2019-06-26T14:23:46Z" finished-at="2019-06-26T14:23:46Z">
          <params>
            <param index="0">
              <value>
                <![CDATA[public void vi_khang.AbstractDaoImplTest.update_exception1Test() throws java.lang.Exception]]>
              </value>
            </param>
          </params>
          <reporter-output>
          </reporter-output>
        </test-method> <!-- springTestContextAfterTestMethod -->
        <test-method status="PASS" signature="springTestContextBeforeTestMethod(java.lang.reflect.Method)[pri:0, instance:vi_khang.AbstractDaoImplTest@5e180aaf]" name="springTestContextBeforeTestMethod" is-config="true" duration-ms="2" started-at="2019-06-26T14:23:46Z" finished-at="2019-06-26T14:23:46Z">
          <params>
            <param index="0">
              <value>
                <![CDATA[public void vi_khang.AbstractDaoImplTest.deleteTest() throws java.lang.Exception]]>
              </value>
            </param>
          </params>
          <reporter-output>
          </reporter-output>
        </test-method> <!-- springTestContextBeforeTestMethod -->
        <test-method status="PASS" signature="deleteTest()[pri:12, instance:vi_khang.AbstractDaoImplTest@5e180aaf]" name="deleteTest" duration-ms="32" started-at="2019-06-26T14:23:46Z" finished-at="2019-06-26T14:23:46Z">
          <reporter-output>
          </reporter-output>
        </test-method> <!-- deleteTest -->
        <test-method status="PASS" signature="springTestContextAfterTestMethod(java.lang.reflect.Method)[pri:0, instance:vi_khang.AbstractDaoImplTest@5e180aaf]" name="springTestContextAfterTestMethod" is-config="true" duration-ms="0" started-at="2019-06-26T14:23:46Z" finished-at="2019-06-26T14:23:46Z">
          <params>
            <param index="0">
              <value>
                <![CDATA[public void vi_khang.AbstractDaoImplTest.deleteTest() throws java.lang.Exception]]>
              </value>
            </param>
          </params>
          <reporter-output>
          </reporter-output>
        </test-method> <!-- springTestContextAfterTestMethod -->
        <test-method status="PASS" signature="delete_exceptionTest()[pri:13, instance:vi_khang.AbstractDaoImplTest@5e180aaf]" name="delete_exceptionTest" duration-ms="12" started-at="2019-06-26T14:23:46Z" finished-at="2019-06-26T14:23:46Z">
          <exception class="java.lang.IllegalArgumentException">
            <message>
              <![CDATA[attempt to create delete event with null entity]]>
            </message>
            <full-stacktrace>
              <![CDATA[java.lang.IllegalArgumentException: attempt to create delete event with null entity
at org.hibernate.event.spi.DeleteEvent.<init>(DeleteEvent.java:48)
at org.hibernate.internal.SessionImpl.delete(SessionImpl.java:896)
at com.connectnow.dao.impl.AbstractDaoImpl.delete(AbstractDaoImpl.java:159)
at vi_khang.AbstractDaoImplTest.delete_exceptionTest(AbstractDaoImplTest.java:144)
at sun.reflect.NativeMethodAccessorImpl.invoke0(Native Method)
at sun.reflect.NativeMethodAccessorImpl.invoke(NativeMethodAccessorImpl.java:62)
at sun.reflect.DelegatingMethodAccessorImpl.invoke(DelegatingMethodAccessorImpl.java:43)
at java.lang.reflect.Method.invoke(Method.java:498)
at org.testng.internal.MethodInvocationHelper.invokeMethod(MethodInvocationHelper.java:124)
at org.testng.internal.MethodInvocationHelper$1.runTestMethod(MethodInvocationHelper.java:230)
at org.springframework.test.context.testng.AbstractTestNGSpringContextTests.run(AbstractTestNGSpringContextTests.java:175)
at org.testng.internal.MethodInvocationHelper.invokeHookable(MethodInvocationHelper.java:242)
at org.testng.internal.Invoker.invokeMethod(Invoker.java:579)
at org.testng.internal.Invoker.invokeTestMethod(Invoker.java:719)
at org.testng.internal.Invoker.invokeTestMethods(Invoker.java:989)
at org.testng.internal.TestMethodWorker.invokeTestMethods(TestMethodWorker.java:125)
at org.testng.internal.TestMethodWorker.run(TestMethodWorker.java:109)
at org.testng.TestRunner.privateRun(TestRunner.java:648)
at org.testng.TestRunner.run(TestRunner.java:505)
at org.testng.SuiteRunner.runTest(SuiteRunner.java:455)
at org.testng.SuiteRunner.runSequentially(SuiteRunner.java:450)
at org.testng.SuiteRunner.privateRun(SuiteRunner.java:415)
at org.testng.SuiteRunner.run(SuiteRunner.java:364)
at org.testng.SuiteRunnerWorker.runSuite(SuiteRunnerWorker.java:52)
at org.testng.SuiteRunnerWorker.run(SuiteRunnerWorker.java:84)
at org.testng.TestNG.runSuitesSequentially(TestNG.java:1208)
at org.testng.TestNG.runSuitesLocally(TestNG.java:1137)
at org.testng.TestNG.runSuites(TestNG.java:1049)
at org.testng.TestNG.run(TestNG.java:1017)
at org.testng.remote.AbstractRemoteTestNG.run(AbstractRemoteTestNG.java:115)
at org.testng.remote.RemoteTestNG.initAndRun(RemoteTestNG.java:251)
at org.testng.remote.RemoteTestNG.main(RemoteTestNG.java:77)
]]>
            </full-stacktrace>
          </exception> <!-- java.lang.IllegalArgumentException -->
          <reporter-output>
          </reporter-output>
        </test-method> <!-- delete_exceptionTest -->
        <test-method status="PASS" signature="springTestContextBeforeTestMethod(java.lang.reflect.Method)[pri:0, instance:vi_khang.AbstractDaoImplTest@5e180aaf]" name="springTestContextBeforeTestMethod" is-config="true" duration-ms="0" started-at="2019-06-26T14:23:46Z" finished-at="2019-06-26T14:23:46Z">
          <params>
            <param index="0">
              <value>
                <![CDATA[public void vi_khang.AbstractDaoImplTest.delete_exceptionTest() throws java.lang.Exception]]>
              </value>
            </param>
          </params>
          <reporter-output>
          </reporter-output>
        </test-method> <!-- springTestContextBeforeTestMethod -->
        <test-method status="PASS" signature="springTestContextAfterTestMethod(java.lang.reflect.Method)[pri:0, instance:vi_khang.AbstractDaoImplTest@5e180aaf]" name="springTestContextAfterTestMethod" is-config="true" duration-ms="0" started-at="2019-06-26T14:23:46Z" finished-at="2019-06-26T14:23:46Z">
          <params>
            <param index="0">
              <value>
                <![CDATA[public void vi_khang.AbstractDaoImplTest.delete_exceptionTest() throws java.lang.Exception]]>
              </value>
            </param>
          </params>
          <reporter-output>
          </reporter-output>
        </test-method> <!-- springTestContextAfterTestMethod -->
        <test-method status="PASS" signature="springTestContextBeforeTestMethod(java.lang.reflect.Method)[pri:0, instance:vi_khang.AbstractDaoImplTest@5e180aaf]" name="springTestContextBeforeTestMethod" is-config="true" duration-ms="3" started-at="2019-06-26T14:23:46Z" finished-at="2019-06-26T14:23:46Z">
          <params>
            <param index="0">
              <value>
                <![CDATA[public void vi_khang.AbstractDaoImplTest.delete_exception1Test() throws java.lang.Exception]]>
              </value>
            </param>
          </params>
          <reporter-output>
          </reporter-output>
        </test-method> <!-- springTestContextBeforeTestMethod -->
        <test-method status="PASS" signature="delete_exception1Test()[pri:14, instance:vi_khang.AbstractDaoImplTest@5e180aaf]" name="delete_exception1Test" duration-ms="20" started-at="2019-06-26T14:23:46Z" finished-at="2019-06-26T14:23:46Z">
          <exception class="org.hibernate.StaleStateException">
            <message>
              <![CDATA[Batch update returned unexpected row count from update [0]; actual row count: 0; expected: 1]]>
            </message>
            <full-stacktrace>
              <![CDATA[org.hibernate.StaleStateException: Batch update returned unexpected row count from update [0]; actual row count: 0; expected: 1
at org.hibernate.jdbc.Expectations$BasicExpectation.checkBatched(Expectations.java:81)
at org.hibernate.jdbc.Expectations$BasicExpectation.verifyOutcome(Expectations.java:73)
at org.hibernate.engine.jdbc.batch.internal.NonBatchingBatch.addToBatch(NonBatchingBatch.java:63)
at org.hibernate.persister.entity.AbstractEntityPersister.delete(AbstractEntityPersister.java:3400)
at org.hibernate.persister.entity.AbstractEntityPersister.delete(AbstractEntityPersister.java:3630)
at org.hibernate.action.internal.EntityDeleteAction.execute(EntityDeleteAction.java:114)
at org.hibernate.engine.spi.ActionQueue.executeActions(ActionQueue.java:465)
at org.hibernate.engine.spi.ActionQueue.executeActions(ActionQueue.java:351)
at org.hibernate.event.internal.AbstractFlushingEventListener.performExecutions(AbstractFlushingEventListener.java:350)
at org.hibernate.event.internal.DefaultFlushEventListener.onFlush(DefaultFlushEventListener.java:56)
at org.hibernate.internal.SessionImpl.flush(SessionImpl.java:1258)
at com.connectnow.dao.impl.AbstractDaoImpl.delete(AbstractDaoImpl.java:160)
at vi_khang.AbstractDaoImplTest.delete_exception1Test(AbstractDaoImplTest.java:151)
at sun.reflect.NativeMethodAccessorImpl.invoke0(Native Method)
at sun.reflect.NativeMethodAccessorImpl.invoke(NativeMethodAccessorImpl.java:62)
at sun.reflect.DelegatingMethodAccessorImpl.invoke(DelegatingMethodAccessorImpl.java:43)
at java.lang.reflect.Method.invoke(Method.java:498)
at org.testng.internal.MethodInvocationHelper.invokeMethod(MethodInvocationHelper.java:124)
at org.testng.internal.MethodInvocationHelper$1.runTestMethod(MethodInvocationHelper.java:230)
at org.springframework.test.context.testng.AbstractTestNGSpringContextTests.run(AbstractTestNGSpringContextTests.java:175)
at org.testng.internal.MethodInvocationHelper.invokeHookable(MethodInvocationHelper.java:242)
at org.testng.internal.Invoker.invokeMethod(Invoker.java:579)
at org.testng.internal.Invoker.invokeTestMethod(Invoker.java:719)
at org.testng.internal.Invoker.invokeTestMethods(Invoker.java:989)
at org.testng.internal.TestMethodWorker.invokeTestMethods(TestMethodWorker.java:125)
at org.testng.internal.TestMethodWorker.run(TestMethodWorker.java:109)
at org.testng.TestRunner.privateRun(TestRunner.java:648)
at org.testng.TestRunner.run(TestRunner.java:505)
at org.testng.SuiteRunner.runTest(SuiteRunner.java:455)
at org.testng.SuiteRunner.runSequentially(SuiteRunner.java:450)
at org.testng.SuiteRunner.privateRun(SuiteRunner.java:415)
at org.testng.SuiteRunner.run(SuiteRunner.java:364)
at org.testng.SuiteRunnerWorker.runSuite(SuiteRunnerWorker.java:52)
at org.testng.SuiteRunnerWorker.run(SuiteRunnerWorker.java:84)
at org.testng.TestNG.runSuitesSequentially(TestNG.java:1208)
at org.testng.TestNG.runSuitesLocally(TestNG.java:1137)
at org.testng.TestNG.runSuites(TestNG.java:1049)
at org.testng.TestNG.run(TestNG.java:1017)
at org.testng.remote.AbstractRemoteTestNG.run(AbstractRemoteTestNG.java:115)
at org.testng.remote.RemoteTestNG.initAndRun(RemoteTestNG.java:251)
at org.testng.remote.RemoteTestNG.main(RemoteTestNG.java:77)
]]>
            </full-stacktrace>
          </exception> <!-- org.hibernate.StaleStateException -->
          <reporter-output>
          </reporter-output>
        </test-method> <!-- delete_exception1Test -->
        <test-method status="PASS" signature="springTestContextAfterTestMethod(java.lang.reflect.Method)[pri:0, instance:vi_khang.AbstractDaoImplTest@5e180aaf]" name="springTestContextAfterTestMethod" is-config="true" duration-ms="3" started-at="2019-06-26T14:23:46Z" finished-at="2019-06-26T14:23:46Z">
          <params>
            <param index="0">
              <value>
                <![CDATA[public void vi_khang.AbstractDaoImplTest.delete_exception1Test() throws java.lang.Exception]]>
              </value>
            </param>
          </params>
          <reporter-output>
          </reporter-output>
        </test-method> <!-- springTestContextAfterTestMethod -->
        <test-method status="PASS" signature="springTestContextAfterTestClass()[pri:0, instance:vi_khang.AbstractDaoImplTest@5e180aaf]" name="springTestContextAfterTestClass" is-config="true" duration-ms="0" started-at="2019-06-26T14:23:46Z" finished-at="2019-06-26T14:23:46Z">
          <reporter-output>
          </reporter-output>
        </test-method> <!-- springTestContextAfterTestClass -->
      </class> <!-- vi_khang.AbstractDaoImplTest -->
    </test> <!-- abstract-dao-test -->
    <test name="extends-dao-test" duration-ms="134" started-at="2019-06-26T14:23:51Z" finished-at="2019-06-26T14:23:51Z">
      <class name="vi_khang.UserDaoImplTest">
        <test-method status="PASS" signature="springTestContextBeforeTestClass()[pri:0, instance:vi_khang.UserDaoImplTest@357c9bd9]" name="springTestContextBeforeTestClass" is-config="true" duration-ms="1" started-at="2019-06-26T14:23:51Z" finished-at="2019-06-26T14:23:51Z">
          <reporter-output>
          </reporter-output>
        </test-method> <!-- springTestContextBeforeTestClass -->
        <test-method status="PASS" signature="springTestContextPrepareTestInstance()[pri:0, instance:vi_khang.UserDaoImplTest@357c9bd9]" name="springTestContextPrepareTestInstance" is-config="true" duration-ms="4" started-at="2019-06-26T14:23:51Z" depends-on-methods="org.springframework.test.context.testng.AbstractTestNGSpringContextTests.springTestContextBeforeTestClass" finished-at="2019-06-26T14:23:51Z">
          <reporter-output>
          </reporter-output>
        </test-method> <!-- springTestContextPrepareTestInstance -->
        <test-method status="PASS" signature="springTestContextBeforeTestMethod(java.lang.reflect.Method)[pri:0, instance:vi_khang.UserDaoImplTest@357c9bd9]" name="springTestContextBeforeTestMethod" is-config="true" duration-ms="0" started-at="2019-06-26T14:23:51Z" finished-at="2019-06-26T14:23:51Z">
          <params>
            <param index="0">
              <value>
                <![CDATA[public void vi_khang.UserDaoImplTest.findPartnerUserByChatBoxIdTest()]]>
              </value>
            </param>
          </params>
          <reporter-output>
          </reporter-output>
        </test-method> <!-- springTestContextBeforeTestMethod -->
        <test-method status="PASS" signature="findPartnerUserByChatBoxIdTest()[pri:0, instance:vi_khang.UserDaoImplTest@357c9bd9]" name="findPartnerUserByChatBoxIdTest" duration-ms="17" started-at="2019-06-26T14:23:51Z" finished-at="2019-06-26T14:23:51Z">
          <reporter-output>
          </reporter-output>
        </test-method> <!-- findPartnerUserByChatBoxIdTest -->
        <test-method status="PASS" signature="springTestContextAfterTestClass()[pri:0, instance:vi_khang.UserDaoImplTest@357c9bd9]" name="springTestContextAfterTestClass" is-config="true" duration-ms="0" started-at="2019-06-26T14:23:51Z" finished-at="2019-06-26T14:23:51Z">
          <reporter-output>
          </reporter-output>
        </test-method> <!-- springTestContextAfterTestClass -->
        <test-method status="PASS" signature="springTestContextAfterTestMethod(java.lang.reflect.Method)[pri:0, instance:vi_khang.UserDaoImplTest@357c9bd9]" name="springTestContextAfterTestMethod" is-config="true" duration-ms="0" started-at="2019-06-26T14:23:51Z" finished-at="2019-06-26T14:23:51Z">
          <params>
            <param index="0">
              <value>
                <![CDATA[public void vi_khang.UserDaoImplTest.findPartnerUserByChatBoxIdTest()]]>
              </value>
            </param>
          </params>
          <reporter-output>
          </reporter-output>
        </test-method> <!-- springTestContextAfterTestMethod -->
      </class> <!-- vi_khang.UserDaoImplTest -->
      <class name="vi_khang.MemberDaoImplTest">
        <test-method status="PASS" signature="springTestContextBeforeTestClass()[pri:0, instance:vi_khang.MemberDaoImplTest@296edc75]" name="springTestContextBeforeTestClass" is-config="true" duration-ms="0" started-at="2019-06-26T14:23:51Z" finished-at="2019-06-26T14:23:51Z">
          <reporter-output>
          </reporter-output>
        </test-method> <!-- springTestContextBeforeTestClass -->
        <test-method status="PASS" signature="springTestContextPrepareTestInstance()[pri:0, instance:vi_khang.MemberDaoImplTest@296edc75]" name="springTestContextPrepareTestInstance" is-config="true" duration-ms="6" started-at="2019-06-26T14:23:51Z" depends-on-methods="org.springframework.test.context.testng.AbstractTestNGSpringContextTests.springTestContextBeforeTestClass" finished-at="2019-06-26T14:23:51Z">
          <reporter-output>
          </reporter-output>
        </test-method> <!-- springTestContextPrepareTestInstance -->
        <test-method status="PASS" signature="springTestContextBeforeTestMethod(java.lang.reflect.Method)[pri:0, instance:vi_khang.MemberDaoImplTest@296edc75]" name="springTestContextBeforeTestMethod" is-config="true" duration-ms="1" started-at="2019-06-26T14:23:51Z" finished-at="2019-06-26T14:23:51Z">
          <params>
            <param index="0">
              <value>
                <![CDATA[public void vi_khang.MemberDaoImplTest.findOneByChatBoxIdAndUserIdTest()]]>
              </value>
            </param>
          </params>
          <reporter-output>
          </reporter-output>
        </test-method> <!-- springTestContextBeforeTestMethod -->
        <test-method status="PASS" signature="findOneByChatBoxIdAndUserIdTest()[pri:0, instance:vi_khang.MemberDaoImplTest@296edc75]" name="findOneByChatBoxIdAndUserIdTest" duration-ms="16" started-at="2019-06-26T14:23:51Z" finished-at="2019-06-26T14:23:51Z">
          <reporter-output>
          </reporter-output>
        </test-method> <!-- findOneByChatBoxIdAndUserIdTest -->
        <test-method status="PASS" signature="springTestContextAfterTestMethod(java.lang.reflect.Method)[pri:0, instance:vi_khang.MemberDaoImplTest@296edc75]" name="springTestContextAfterTestMethod" is-config="true" duration-ms="0" started-at="2019-06-26T14:23:51Z" finished-at="2019-06-26T14:23:51Z">
          <params>
            <param index="0">
              <value>
                <![CDATA[public void vi_khang.MemberDaoImplTest.findOneByChatBoxIdAndUserIdTest()]]>
              </value>
            </param>
          </params>
          <reporter-output>
          </reporter-output>
        </test-method> <!-- springTestContextAfterTestMethod -->
        <test-method status="PASS" signature="springTestContextAfterTestClass()[pri:0, instance:vi_khang.MemberDaoImplTest@296edc75]" name="springTestContextAfterTestClass" is-config="true" duration-ms="0" started-at="2019-06-26T14:23:51Z" finished-at="2019-06-26T14:23:51Z">
          <reporter-output>
          </reporter-output>
        </test-method> <!-- springTestContextAfterTestClass -->
      </class> <!-- vi_khang.MemberDaoImplTest -->
      <class name="vi_khang.MessageDaoImplTest">
        <test-method status="PASS" signature="springTestContextPrepareTestInstance()[pri:0, instance:vi_khang.MessageDaoImplTest@5db948c9]" name="springTestContextPrepareTestInstance" is-config="true" duration-ms="5" started-at="2019-06-26T14:23:51Z" depends-on-methods="org.springframework.test.context.testng.AbstractTestNGSpringContextTests.springTestContextBeforeTestClass" finished-at="2019-06-26T14:23:51Z">
          <reporter-output>
          </reporter-output>
        </test-method> <!-- springTestContextPrepareTestInstance -->
        <test-method status="PASS" signature="springTestContextBeforeTestClass()[pri:0, instance:vi_khang.MessageDaoImplTest@5db948c9]" name="springTestContextBeforeTestClass" is-config="true" duration-ms="0" started-at="2019-06-26T14:23:51Z" finished-at="2019-06-26T14:23:51Z">
          <reporter-output>
          </reporter-output>
        </test-method> <!-- springTestContextBeforeTestClass -->
        <test-method status="PASS" signature="springTestContextBeforeTestMethod(java.lang.reflect.Method)[pri:0, instance:vi_khang.MessageDaoImplTest@5db948c9]" name="springTestContextBeforeTestMethod" is-config="true" duration-ms="0" started-at="2019-06-26T14:23:51Z" finished-at="2019-06-26T14:23:51Z">
          <params>
            <param index="0">
              <value>
                <![CDATA[public void vi_khang.MessageDaoImplTest.findAllByChatBoxIdTest()]]>
              </value>
            </param>
          </params>
          <reporter-output>
          </reporter-output>
        </test-method> <!-- springTestContextBeforeTestMethod -->
        <test-method status="PASS" signature="findAllByChatBoxIdTest()[pri:0, instance:vi_khang.MessageDaoImplTest@5db948c9]" name="findAllByChatBoxIdTest" duration-ms="11" started-at="2019-06-26T14:23:51Z" finished-at="2019-06-26T14:23:51Z">
          <reporter-output>
          </reporter-output>
        </test-method> <!-- findAllByChatBoxIdTest -->
        <test-method status="PASS" signature="springTestContextBeforeTestMethod(java.lang.reflect.Method)[pri:0, instance:vi_khang.MessageDaoImplTest@5db948c9]" name="springTestContextBeforeTestMethod" is-config="true" duration-ms="1" started-at="2019-06-26T14:23:51Z" finished-at="2019-06-26T14:23:51Z">
          <params>
            <param index="0">
              <value>
                <![CDATA[public void vi_khang.MessageDaoImplTest.findAllByChatBoxId_exceptionTest()]]>
              </value>
            </param>
          </params>
          <reporter-output>
          </reporter-output>
        </test-method> <!-- springTestContextBeforeTestMethod -->
        <test-method status="PASS" signature="springTestContextAfterTestMethod(java.lang.reflect.Method)[pri:0, instance:vi_khang.MessageDaoImplTest@5db948c9]" name="springTestContextAfterTestMethod" is-config="true" duration-ms="0" started-at="2019-06-26T14:23:51Z" finished-at="2019-06-26T14:23:51Z">
          <params>
            <param index="0">
              <value>
                <![CDATA[public void vi_khang.MessageDaoImplTest.findAllByChatBoxIdTest()]]>
              </value>
            </param>
          </params>
          <reporter-output>
          </reporter-output>
        </test-method> <!-- springTestContextAfterTestMethod -->
        <test-method status="PASS" signature="findAllByChatBoxId_exceptionTest()[pri:0, instance:vi_khang.MessageDaoImplTest@5db948c9]" name="findAllByChatBoxId_exceptionTest" duration-ms="2" started-at="2019-06-26T14:23:51Z" finished-at="2019-06-26T14:23:51Z">
          <exception class="org.hibernate.QueryException">
            <message>
              <![CDATA[could not resolve property: abcxyz of: com.connectnow.entity.MessageEntity]]>
            </message>
            <full-stacktrace>
              <![CDATA[org.hibernate.QueryException: could not resolve property: abcxyz of: com.connectnow.entity.MessageEntity
at org.hibernate.persister.entity.AbstractPropertyMapping.propertyException(AbstractPropertyMapping.java:83)
at org.hibernate.persister.entity.AbstractPropertyMapping.toType(AbstractPropertyMapping.java:77)
at org.hibernate.persister.entity.AbstractEntityPersister.getSubclassPropertyTableNumber(AbstractEntityPersister.java:1995)
at org.hibernate.persister.entity.BasicEntityPropertyMapping.toColumns(BasicEntityPropertyMapping.java:61)
at org.hibernate.persister.entity.AbstractEntityPersister.toColumns(AbstractEntityPersister.java:1970)
at org.hibernate.loader.criteria.CriteriaQueryTranslator.getColumns(CriteriaQueryTranslator.java:518)
at org.hibernate.loader.criteria.CriteriaQueryTranslator.getColumnsUsingProjection(CriteriaQueryTranslator.java:482)
at org.hibernate.criterion.Order.toSqlString(Order.java:126)
at org.hibernate.loader.criteria.CriteriaQueryTranslator.getOrderBy(CriteriaQueryTranslator.java:431)
at org.hibernate.loader.criteria.CriteriaJoinWalker.<init>(CriteriaJoinWalker.java:123)
at org.hibernate.loader.criteria.CriteriaJoinWalker.<init>(CriteriaJoinWalker.java:92)
at org.hibernate.loader.criteria.CriteriaLoader.<init>(CriteriaLoader.java:97)
at org.hibernate.internal.SessionImpl.list(SessionImpl.java:1699)
at org.hibernate.internal.CriteriaImpl.list(CriteriaImpl.java:380)
at com.connectnow.dao.impl.MessageDaoImpl.findAllByChatBoxId(MessageDaoImpl.java:33)
at vi_khang.MessageDaoImplTest.findAllByChatBoxId_exceptionTest(MessageDaoImplTest.java:41)
at sun.reflect.NativeMethodAccessorImpl.invoke0(Native Method)
at sun.reflect.NativeMethodAccessorImpl.invoke(NativeMethodAccessorImpl.java:62)
at sun.reflect.DelegatingMethodAccessorImpl.invoke(DelegatingMethodAccessorImpl.java:43)
at java.lang.reflect.Method.invoke(Method.java:498)
at org.testng.internal.MethodInvocationHelper.invokeMethod(MethodInvocationHelper.java:124)
at org.testng.internal.MethodInvocationHelper$1.runTestMethod(MethodInvocationHelper.java:230)
at org.springframework.test.context.testng.AbstractTestNGSpringContextTests.run(AbstractTestNGSpringContextTests.java:175)
at org.testng.internal.MethodInvocationHelper.invokeHookable(MethodInvocationHelper.java:242)
at org.testng.internal.Invoker.invokeMethod(Invoker.java:579)
at org.testng.internal.Invoker.invokeTestMethod(Invoker.java:719)
at org.testng.internal.Invoker.invokeTestMethods(Invoker.java:989)
at org.testng.internal.TestMethodWorker.invokeTestMethods(TestMethodWorker.java:125)
at org.testng.internal.TestMethodWorker.run(TestMethodWorker.java:109)
at org.testng.TestRunner.privateRun(TestRunner.java:648)
at org.testng.TestRunner.run(TestRunner.java:505)
at org.testng.SuiteRunner.runTest(SuiteRunner.java:455)
at org.testng.SuiteRunner.runSequentially(SuiteRunner.java:450)
at org.testng.SuiteRunner.privateRun(SuiteRunner.java:415)
at org.testng.SuiteRunner.run(SuiteRunner.java:364)
at org.testng.SuiteRunnerWorker.runSuite(SuiteRunnerWorker.java:52)
at org.testng.SuiteRunnerWorker.run(SuiteRunnerWorker.java:84)
at org.testng.TestNG.runSuitesSequentially(TestNG.java:1208)
at org.testng.TestNG.runSuitesLocally(TestNG.java:1137)
at org.testng.TestNG.runSuites(TestNG.java:1049)
at org.testng.TestNG.run(TestNG.java:1017)
at org.testng.remote.AbstractRemoteTestNG.run(AbstractRemoteTestNG.java:115)
at org.testng.remote.RemoteTestNG.initAndRun(RemoteTestNG.java:251)
at org.testng.remote.RemoteTestNG.main(RemoteTestNG.java:77)
]]>
            </full-stacktrace>
          </exception> <!-- org.hibernate.QueryException -->
          <reporter-output>
          </reporter-output>
        </test-method> <!-- findAllByChatBoxId_exceptionTest -->
        <test-method status="PASS" signature="springTestContextAfterTestMethod(java.lang.reflect.Method)[pri:0, instance:vi_khang.MessageDaoImplTest@5db948c9]" name="springTestContextAfterTestMethod" is-config="true" duration-ms="0" started-at="2019-06-26T14:23:51Z" finished-at="2019-06-26T14:23:51Z">
          <params>
            <param index="0">
              <value>
                <![CDATA[public void vi_khang.MessageDaoImplTest.findAllByChatBoxId_exceptionTest()]]>
              </value>
            </param>
          </params>
          <reporter-output>
          </reporter-output>
        </test-method> <!-- springTestContextAfterTestMethod -->
        <test-method status="PASS" signature="springTestContextAfterTestClass()[pri:0, instance:vi_khang.MessageDaoImplTest@5db948c9]" name="springTestContextAfterTestClass" is-config="true" duration-ms="0" started-at="2019-06-26T14:23:51Z" finished-at="2019-06-26T14:23:51Z">
          <reporter-output>
          </reporter-output>
        </test-method> <!-- springTestContextAfterTestClass -->
      </class> <!-- vi_khang.MessageDaoImplTest -->
      <class name="vi_khang.ChatBoxDaoImplTest">
        <test-method status="PASS" signature="springTestContextBeforeTestClass()[pri:0, instance:vi_khang.ChatBoxDaoImplTest@217dc48e]" name="springTestContextBeforeTestClass" is-config="true" duration-ms="1" started-at="2019-06-26T14:23:51Z" finished-at="2019-06-26T14:23:51Z">
          <reporter-output>
          </reporter-output>
        </test-method> <!-- springTestContextBeforeTestClass -->
        <test-method status="PASS" signature="springTestContextPrepareTestInstance()[pri:0, instance:vi_khang.ChatBoxDaoImplTest@217dc48e]" name="springTestContextPrepareTestInstance" is-config="true" duration-ms="11" started-at="2019-06-26T14:23:51Z" depends-on-methods="org.springframework.test.context.testng.AbstractTestNGSpringContextTests.springTestContextBeforeTestClass" finished-at="2019-06-26T14:23:51Z">
          <reporter-output>
          </reporter-output>
        </test-method> <!-- springTestContextPrepareTestInstance -->
        <test-method status="PASS" signature="springTestContextBeforeTestMethod(java.lang.reflect.Method)[pri:0, instance:vi_khang.ChatBoxDaoImplTest@217dc48e]" name="springTestContextBeforeTestMethod" is-config="true" duration-ms="2" started-at="2019-06-26T14:23:51Z" finished-at="2019-06-26T14:23:51Z">
          <params>
            <param index="0">
              <value>
                <![CDATA[public void vi_khang.ChatBoxDaoImplTest.findAllByUserIdTest()]]>
              </value>
            </param>
          </params>
          <reporter-output>
          </reporter-output>
        </test-method> <!-- springTestContextBeforeTestMethod -->
        <test-method status="PASS" signature="findAllByUserIdTest()[pri:0, instance:vi_khang.ChatBoxDaoImplTest@217dc48e]" name="findAllByUserIdTest" duration-ms="22" started-at="2019-06-26T14:23:51Z" finished-at="2019-06-26T14:23:51Z">
          <reporter-output>
          </reporter-output>
        </test-method> <!-- findAllByUserIdTest -->
        <test-method status="PASS" signature="springTestContextAfterTestMethod(java.lang.reflect.Method)[pri:0, instance:vi_khang.ChatBoxDaoImplTest@217dc48e]" name="springTestContextAfterTestMethod" is-config="true" duration-ms="1" started-at="2019-06-26T14:23:51Z" finished-at="2019-06-26T14:23:51Z">
          <params>
            <param index="0">
              <value>
                <![CDATA[public void vi_khang.ChatBoxDaoImplTest.findAllByUserIdTest()]]>
              </value>
            </param>
          </params>
          <reporter-output>
          </reporter-output>
        </test-method> <!-- springTestContextAfterTestMethod -->
        <test-method status="PASS" signature="springTestContextBeforeTestMethod(java.lang.reflect.Method)[pri:0, instance:vi_khang.ChatBoxDaoImplTest@217dc48e]" name="springTestContextBeforeTestMethod" is-config="true" duration-ms="2" started-at="2019-06-26T14:23:51Z" finished-at="2019-06-26T14:23:51Z">
          <params>
            <param index="0">
              <value>
                <![CDATA[public void vi_khang.ChatBoxDaoImplTest.findAllByUserId_exceptionTest()]]>
              </value>
            </param>
          </params>
          <reporter-output>
          </reporter-output>
        </test-method> <!-- springTestContextBeforeTestMethod -->
        <test-method status="PASS" signature="findAllByUserId_exceptionTest()[pri:0, instance:vi_khang.ChatBoxDaoImplTest@217dc48e]" name="findAllByUserId_exceptionTest" duration-ms="2" started-at="2019-06-26T14:23:51Z" finished-at="2019-06-26T14:23:51Z">
          <exception class="org.hibernate.QueryException">
            <message>
              <![CDATA[could not resolve property: abcxyz of: com.connectnow.entity.ChatBoxEntity]]>
            </message>
            <full-stacktrace>
              <![CDATA[org.hibernate.QueryException: could not resolve property: abcxyz of: com.connectnow.entity.ChatBoxEntity
at org.hibernate.persister.entity.AbstractPropertyMapping.propertyException(AbstractPropertyMapping.java:83)
at org.hibernate.persister.entity.AbstractPropertyMapping.toType(AbstractPropertyMapping.java:77)
at org.hibernate.persister.entity.AbstractEntityPersister.getSubclassPropertyTableNumber(AbstractEntityPersister.java:1995)
at org.hibernate.persister.entity.BasicEntityPropertyMapping.toColumns(BasicEntityPropertyMapping.java:61)
at org.hibernate.persister.entity.AbstractEntityPersister.toColumns(AbstractEntityPersister.java:1970)
at org.hibernate.loader.criteria.CriteriaQueryTranslator.getColumns(CriteriaQueryTranslator.java:518)
at org.hibernate.loader.criteria.CriteriaQueryTranslator.getColumnsUsingProjection(CriteriaQueryTranslator.java:482)
at org.hibernate.criterion.Order.toSqlString(Order.java:126)
at org.hibernate.loader.criteria.CriteriaQueryTranslator.getOrderBy(CriteriaQueryTranslator.java:431)
at org.hibernate.loader.criteria.CriteriaJoinWalker.<init>(CriteriaJoinWalker.java:123)
at org.hibernate.loader.criteria.CriteriaJoinWalker.<init>(CriteriaJoinWalker.java:92)
at org.hibernate.loader.criteria.CriteriaLoader.<init>(CriteriaLoader.java:97)
at org.hibernate.internal.SessionImpl.list(SessionImpl.java:1699)
at org.hibernate.internal.CriteriaImpl.list(CriteriaImpl.java:380)
at com.connectnow.dao.impl.ChatBoxDaoImpl.findAllByUserId(ChatBoxDaoImpl.java:31)
at vi_khang.ChatBoxDaoImplTest.findAllByUserId_exceptionTest(ChatBoxDaoImplTest.java:42)
at sun.reflect.NativeMethodAccessorImpl.invoke0(Native Method)
at sun.reflect.NativeMethodAccessorImpl.invoke(NativeMethodAccessorImpl.java:62)
at sun.reflect.DelegatingMethodAccessorImpl.invoke(DelegatingMethodAccessorImpl.java:43)
at java.lang.reflect.Method.invoke(Method.java:498)
at org.testng.internal.MethodInvocationHelper.invokeMethod(MethodInvocationHelper.java:124)
at org.testng.internal.MethodInvocationHelper$1.runTestMethod(MethodInvocationHelper.java:230)
at org.springframework.test.context.testng.AbstractTestNGSpringContextTests.run(AbstractTestNGSpringContextTests.java:175)
at org.testng.internal.MethodInvocationHelper.invokeHookable(MethodInvocationHelper.java:242)
at org.testng.internal.Invoker.invokeMethod(Invoker.java:579)
at org.testng.internal.Invoker.invokeTestMethod(Invoker.java:719)
at org.testng.internal.Invoker.invokeTestMethods(Invoker.java:989)
at org.testng.internal.TestMethodWorker.invokeTestMethods(TestMethodWorker.java:125)
at org.testng.internal.TestMethodWorker.run(TestMethodWorker.java:109)
at org.testng.TestRunner.privateRun(TestRunner.java:648)
at org.testng.TestRunner.run(TestRunner.java:505)
at org.testng.SuiteRunner.runTest(SuiteRunner.java:455)
at org.testng.SuiteRunner.runSequentially(SuiteRunner.java:450)
at org.testng.SuiteRunner.privateRun(SuiteRunner.java:415)
at org.testng.SuiteRunner.run(SuiteRunner.java:364)
at org.testng.SuiteRunnerWorker.runSuite(SuiteRunnerWorker.java:52)
at org.testng.SuiteRunnerWorker.run(SuiteRunnerWorker.java:84)
at org.testng.TestNG.runSuitesSequentially(TestNG.java:1208)
at org.testng.TestNG.runSuitesLocally(TestNG.java:1137)
at org.testng.TestNG.runSuites(TestNG.java:1049)
at org.testng.TestNG.run(TestNG.java:1017)
at org.testng.remote.AbstractRemoteTestNG.run(AbstractRemoteTestNG.java:115)
at org.testng.remote.RemoteTestNG.initAndRun(RemoteTestNG.java:251)
at org.testng.remote.RemoteTestNG.main(RemoteTestNG.java:77)
]]>
            </full-stacktrace>
          </exception> <!-- org.hibernate.QueryException -->
          <reporter-output>
          </reporter-output>
        </test-method> <!-- findAllByUserId_exceptionTest -->
        <test-method status="PASS" signature="springTestContextBeforeTestMethod(java.lang.reflect.Method)[pri:0, instance:vi_khang.ChatBoxDaoImplTest@217dc48e]" name="springTestContextBeforeTestMethod" is-config="true" duration-ms="1" started-at="2019-06-26T14:23:51Z" finished-at="2019-06-26T14:23:51Z">
          <params>
            <param index="0">
              <value>
                <![CDATA[public void vi_khang.ChatBoxDaoImplTest.findOneByMemberIdTest()]]>
              </value>
            </param>
          </params>
          <reporter-output>
          </reporter-output>
        </test-method> <!-- springTestContextBeforeTestMethod -->
        <test-method status="PASS" signature="springTestContextAfterTestMethod(java.lang.reflect.Method)[pri:0, instance:vi_khang.ChatBoxDaoImplTest@217dc48e]" name="springTestContextAfterTestMethod" is-config="true" duration-ms="0" started-at="2019-06-26T14:23:51Z" finished-at="2019-06-26T14:23:51Z">
          <params>
            <param index="0">
              <value>
                <![CDATA[public void vi_khang.ChatBoxDaoImplTest.findAllByUserId_exceptionTest()]]>
              </value>
            </param>
          </params>
          <reporter-output>
          </reporter-output>
        </test-method> <!-- springTestContextAfterTestMethod -->
        <test-method status="PASS" signature="findOneByMemberIdTest()[pri:0, instance:vi_khang.ChatBoxDaoImplTest@217dc48e]" name="findOneByMemberIdTest" duration-ms="13" started-at="2019-06-26T14:23:51Z" finished-at="2019-06-26T14:23:51Z">
          <reporter-output>
          </reporter-output>
        </test-method> <!-- findOneByMemberIdTest -->
        <test-method status="PASS" signature="springTestContextAfterTestMethod(java.lang.reflect.Method)[pri:0, instance:vi_khang.ChatBoxDaoImplTest@217dc48e]" name="springTestContextAfterTestMethod" is-config="true" duration-ms="1" started-at="2019-06-26T14:23:51Z" finished-at="2019-06-26T14:23:51Z">
          <params>
            <param index="0">
              <value>
                <![CDATA[public void vi_khang.ChatBoxDaoImplTest.findOneByMemberIdTest()]]>
              </value>
            </param>
          </params>
          <reporter-output>
          </reporter-output>
        </test-method> <!-- springTestContextAfterTestMethod -->
        <test-method status="PASS" signature="springTestContextAfterTestClass()[pri:0, instance:vi_khang.ChatBoxDaoImplTest@217dc48e]" name="springTestContextAfterTestClass" is-config="true" duration-ms="0" started-at="2019-06-26T14:23:51Z" finished-at="2019-06-26T14:23:51Z">
          <reporter-output>
          </reporter-output>
        </test-method> <!-- springTestContextAfterTestClass -->
      </class> <!-- vi_khang.ChatBoxDaoImplTest -->
    </test> <!-- extends-dao-test -->
  </suite> <!-- Tran Vi Khang -->
</testng-results>
